This file contains any messages produced by compilers while
running configure, to aid debugging if configure makes a mistake.

It was created by configure, which was
generated by GNU Autoconf 2.57.  Invocation command line was

  $ ./configure --disable-shared --enable-static --enable-relocatable --enable-extra-encodings

## --------- ##
## Platform. ##
## --------- ##

hostname = kodzutsumi-no-MacBook-Pro.local
uname -m = x86_64
uname -r = 11.2.0
uname -s = Darwin
uname -v = Darwin Kernel Version 11.2.0: Tue Aug  9 20:54:00 PDT 2011; root:xnu-1699.24.8~1/RELEASE_X86_64

/usr/bin/uname -p = i386
/bin/uname -X     = unknown

/bin/arch              = unknown
/usr/bin/arch -k       = unknown
/usr/convex/getsysinfo = unknown
hostinfo               = Mach kernel version:
	 Darwin Kernel Version 11.2.0: Tue Aug  9 20:54:00 PDT 2011; root:xnu-1699.24.8~1/RELEASE_X86_64
Kernel configured for up to 8 processors.
4 processors are physically available.
8 processors are logically available.
Processor type: i486 (Intel 80486)
Processors active: 0 1 2 3 4 5 6 7
Primary memory available: 8.00 gigabytes
Default processor set: 174 tasks, 808 threads, 8 processors
Load average: 1.31, Mach factor: 6.68
/bin/machine           = unknown
/usr/bin/oslevel       = unknown
/bin/universe          = unknown

PATH: /Users/kotsutsumi/develop/apache-maven-3.0.1/bin
PATH: /opt/local/bin
PATH: /opt/local/sbin/
PATH: /usr/bin
PATH: /bin
PATH: /usr/sbin
PATH: /sbin
PATH: /usr/local/bin
PATH: /usr/X11/bin
PATH: /usr/local/bin/
PATH: /Users/kotsutsumi/.node_libraries/node_modules/expresso/bin
PATH: /Users/kotsutsumi/node_modules/expresso/bin
PATH: /Users/kotsutsumikazuhiro/bin/
PATH: /Users/kotsutsumikazuhiro/Applications/AdobeAIRSDK/bin/
PATH: /opt/local/lib/mysql5/bin/
PATH: /Applications/android-sdk-mac_86/tools


## ----------- ##
## Core tests. ##
## ----------- ##

configure:1514: checking for a BSD-compatible install
configure:1568: result: /usr/bin/install -c
configure:1579: checking whether build environment is sane
configure:1622: result: yes
configure:1655: checking for gawk
configure:1671: found /opt/local/bin/gawk
configure:1681: result: gawk
configure:1691: checking whether make sets $(MAKE)
configure:1711: result: yes
configure:1877: checking whether make sets $(MAKE)
configure:1897: result: yes
configure:1957: checking for gcc
configure:1973: found /usr/bin/gcc
configure:1983: result: gcc
configure:2227: checking for C compiler version
configure:2230: gcc --version </dev/null >&5
i686-apple-darwin11-llvm-gcc-4.2 (GCC) 4.2.1 (Based on Apple Inc. build 5658) (LLVM build 2335.15.00)
Copyright (C) 2007 Free Software Foundation, Inc.
This is free software; see the source for copying conditions.  There is NO
warranty; not even for MERCHANTABILITY or FITNESS FOR A PARTICULAR PURPOSE.

configure:2233: $? = 0
configure:2235: gcc -v </dev/null >&5
Using built-in specs.
Target: i686-apple-darwin11
Configured with: /private/var/tmp/llvmgcc42/llvmgcc42-2335.15~25/src/configure --disable-checking --enable-werror --prefix=/Developer/usr/llvm-gcc-4.2 --mandir=/share/man --enable-languages=c,objc,c++,obj-c++ --program-prefix=llvm- --program-transform-name=/^[cg][^.-]*$/s/$/-4.2/ --with-slibdir=/usr/lib --build=i686-apple-darwin11 --enable-llvm=/private/var/tmp/llvmgcc42/llvmgcc42-2335.15~25/dst-llvmCore/Developer/usr/local --program-prefix=i686-apple-darwin11- --host=x86_64-apple-darwin11 --target=i686-apple-darwin11 --with-gxx-include-dir=/usr/include/c++/4.2.1
Thread model: posix
gcc version 4.2.1 (Based on Apple Inc. build 5658) (LLVM build 2335.15.00)
configure:2238: $? = 0
configure:2240: gcc -V </dev/null >&5
llvm-gcc-4.2: argument to `-V' is missing
configure:2243: $? = 1
configure:2267: checking for C compiler default output
configure:2270: gcc    conftest.c  >&5
configure:2273: $? = 0
configure:2319: result: a.out
configure:2324: checking whether the C compiler works
configure:2330: ./a.out
configure:2333: $? = 0
configure:2350: result: yes
configure:2357: checking whether we are cross compiling
configure:2359: result: no
configure:2362: checking for suffix of executables
configure:2364: gcc -o conftest    conftest.c  >&5
configure:2367: $? = 0
configure:2392: result: 
configure:2398: checking for suffix of object files
configure:2420: gcc -c   conftest.c >&5
configure:2423: $? = 0
configure:2445: result: o
configure:2449: checking whether we are using the GNU C compiler
configure:2474: gcc -c   conftest.c >&5
configure:2477: $? = 0
configure:2480: test -s conftest.o
configure:2483: $? = 0
configure:2496: result: yes
configure:2502: checking whether gcc accepts -g
configure:2524: gcc -c -g  conftest.c >&5
configure:2527: $? = 0
configure:2530: test -s conftest.o
configure:2533: $? = 0
configure:2544: result: yes
configure:2561: checking for gcc option to accept ANSI C
configure:2622: gcc  -c -g -O2  conftest.c >&5
configure:2625: $? = 0
configure:2628: test -s conftest.o
configure:2631: $? = 0
configure:2649: result: none needed
configure:2667: gcc -c -g -O2  conftest.c >&5
conftest.c:2: error: expected '=', ',', ';', 'asm' or '__attribute__' before 'me'
configure:2670: $? = 1
configure: failed program was:
| #ifndef __cplusplus
|   choke me
| #endif
configure:2790: checking for style of include used by make
configure:2818: result: GNU
configure:2846: checking dependency style of gcc
configure:2914: result: none
configure:2936: checking how to run the C preprocessor
configure:2972: gcc -E  conftest.c
configure:2978: $? = 0
configure:3010: gcc -E  conftest.c
configure:3011:28: error: ac_nonexistent.h: No such file or directory
configure:3016: $? = 1
configure: failed program was:
| #line 3001 "configure"
| /* confdefs.h.  */
| 
| #define PACKAGE_NAME ""
| #define PACKAGE_TARNAME ""
| #define PACKAGE_VERSION ""
| #define PACKAGE_STRING ""
| #define PACKAGE_BUGREPORT ""
| #define PACKAGE "libiconv"
| #define VERSION "1.9"
| /* end confdefs.h.  */
| #include <ac_nonexistent.h>
configure:3054: result: gcc -E
configure:3079: gcc -E  conftest.c
configure:3085: $? = 0
configure:3117: gcc -E  conftest.c
configure:3118:28: error: ac_nonexistent.h: No such file or directory
configure:3123: $? = 1
configure: failed program was:
| #line 3108 "configure"
| /* confdefs.h.  */
| 
| #define PACKAGE_NAME ""
| #define PACKAGE_TARNAME ""
| #define PACKAGE_VERSION ""
| #define PACKAGE_STRING ""
| #define PACKAGE_BUGREPORT ""
| #define PACKAGE "libiconv"
| #define VERSION "1.9"
| /* end confdefs.h.  */
| #include <ac_nonexistent.h>
configure:3167: checking for egrep
configure:3177: result: grep -E
configure:3183: checking whether gcc needs -traditional
configure:3219:20: error: termio.h: No such file or directory
configure:3227: result: no
configure:3246: checking for a BSD-compatible install
configure:3300: result: /usr/bin/install -c
configure:3319: checking build system type
configure:3337: result: i686-apple-darwin11.2.0
configure:3345: checking host system type
configure:3359: result: i686-apple-darwin11.2.0
configure:3393: checking for ld used by GCC
configure:3456: result: /usr/llvm-gcc-4.2/libexec/gcc/i686-apple-darwin11/4.2.1/ld
configure:3465: checking if the linker (/usr/llvm-gcc-4.2/libexec/gcc/i686-apple-darwin11/4.2.1/ld) is GNU ld
configure:3477: result: no
configure:3483: checking for shared library path variable
configure:3496: result: DYLD_LIBRARY_PATH
configure:3501: checking whether to activate relocatable installation
configure:3516: result: yes
configure:3635: checking for ranlib
configure:3651: found /usr/bin/ranlib
configure:3662: result: ranlib
configure:3674: checking how to copy files
configure:3690: result: cp -p
configure:3694: checking how to make hard links
configure:3710: result: ln
configure:3714: checking whether ln -s works
configure:3718: result: yes
configure:3734: checking for AIX
configure:3757: result: no
configure:3763: checking for ANSI C header files
configure:3789: gcc -c -g -O2  conftest.c >&5
configure:3792: $? = 0
configure:3795: test -s conftest.o
configure:3798: $? = 0
configure:3890: gcc -o conftest -g -O2   conftest.c  >&5
configure: In function 'main':
configure:3889: warning: incompatible implicit declaration of built-in function 'exit'
configure:3893: $? = 0
configure:3895: ./conftest
configure:3898: $? = 0
configure:3913: result: yes
configure:3937: checking for sys/types.h
configure:3954: gcc -c -g -O2  conftest.c >&5
configure:3957: $? = 0
configure:3960: test -s conftest.o
configure:3963: $? = 0
configure:3974: result: yes
configure:3937: checking for sys/stat.h
configure:3954: gcc -c -g -O2  conftest.c >&5
configure:3957: $? = 0
configure:3960: test -s conftest.o
configure:3963: $? = 0
configure:3974: result: yes
configure:3937: checking for stdlib.h
configure:3954: gcc -c -g -O2  conftest.c >&5
configure:3957: $? = 0
configure:3960: test -s conftest.o
configure:3963: $? = 0
configure:3974: result: yes
configure:3937: checking for string.h
configure:3954: gcc -c -g -O2  conftest.c >&5
configure:3957: $? = 0
configure:3960: test -s conftest.o
configure:3963: $? = 0
configure:3974: result: yes
configure:3937: checking for memory.h
configure:3954: gcc -c -g -O2  conftest.c >&5
configure:3957: $? = 0
configure:3960: test -s conftest.o
configure:3963: $? = 0
configure:3974: result: yes
configure:3937: checking for strings.h
configure:3954: gcc -c -g -O2  conftest.c >&5
configure:3957: $? = 0
configure:3960: test -s conftest.o
configure:3963: $? = 0
configure:3974: result: yes
configure:3937: checking for inttypes.h
configure:3954: gcc -c -g -O2  conftest.c >&5
configure:3957: $? = 0
configure:3960: test -s conftest.o
configure:3963: $? = 0
configure:3974: result: yes
configure:3937: checking for stdint.h
configure:3954: gcc -c -g -O2  conftest.c >&5
configure:3957: $? = 0
configure:3960: test -s conftest.o
configure:3963: $? = 0
configure:3974: result: yes
configure:3937: checking for unistd.h
configure:3954: gcc -c -g -O2  conftest.c >&5
configure:3957: $? = 0
configure:3960: test -s conftest.o
configure:3963: $? = 0
configure:3974: result: yes
configure:3996: checking minix/config.h usability
configure:4009: gcc -c -g -O2  conftest.c >&5
configure:4056:26: error: minix/config.h: No such file or directory
configure:4012: $? = 1
configure: failed program was:
| #line 3998 "configure"
| /* confdefs.h.  */
| 
| #define PACKAGE_NAME ""
| #define PACKAGE_TARNAME ""
| #define PACKAGE_VERSION ""
| #define PACKAGE_STRING ""
| #define PACKAGE_BUGREPORT ""
| #define PACKAGE "libiconv"
| #define VERSION "1.9"
| #define INSTALLPREFIX "/usr/local"
| #define ENABLE_RELOCATABLE 1
| #define ENABLE_EXTRA 1
| #define _GNU_SOURCE 1
| #define STDC_HEADERS 1
| #define HAVE_SYS_TYPES_H 1
| #define HAVE_SYS_STAT_H 1
| #define HAVE_STDLIB_H 1
| #define HAVE_STRING_H 1
| #define HAVE_MEMORY_H 1
| #define HAVE_STRINGS_H 1
| #define HAVE_INTTYPES_H 1
| #define HAVE_STDINT_H 1
| #define HAVE_UNISTD_H 1
| /* end confdefs.h.  */
| #include <stdio.h>
| #if HAVE_SYS_TYPES_H
| # include <sys/types.h>
| #endif
| #if HAVE_SYS_STAT_H
| # include <sys/stat.h>
| #endif
| #if STDC_HEADERS
| # include <stdlib.h>
| # include <stddef.h>
| #else
| # if HAVE_STDLIB_H
| #  include <stdlib.h>
| # endif
| #endif
| #if HAVE_STRING_H
| # if !STDC_HEADERS && HAVE_MEMORY_H
| #  include <memory.h>
| # endif
| # include <string.h>
| #endif
| #if HAVE_STRINGS_H
| # include <strings.h>
| #endif
| #if HAVE_INTTYPES_H
| # include <inttypes.h>
| #else
| # if HAVE_STDINT_H
| #  include <stdint.h>
| # endif
| #endif
| #if HAVE_UNISTD_H
| # include <unistd.h>
| #endif
| #include <minix/config.h>
configure:4028: result: no
configure:4032: checking minix/config.h presence
configure:4043: gcc -E  conftest.c
configure:4058:26: error: minix/config.h: No such file or directory
configure:4049: $? = 1
configure: failed program was:
| #line 4034 "configure"
| /* confdefs.h.  */
| 
| #define PACKAGE_NAME ""
| #define PACKAGE_TARNAME ""
| #define PACKAGE_VERSION ""
| #define PACKAGE_STRING ""
| #define PACKAGE_BUGREPORT ""
| #define PACKAGE "libiconv"
| #define VERSION "1.9"
| #define INSTALLPREFIX "/usr/local"
| #define ENABLE_RELOCATABLE 1
| #define ENABLE_EXTRA 1
| #define _GNU_SOURCE 1
| #define STDC_HEADERS 1
| #define HAVE_SYS_TYPES_H 1
| #define HAVE_SYS_STAT_H 1
| #define HAVE_STDLIB_H 1
| #define HAVE_STRING_H 1
| #define HAVE_MEMORY_H 1
| #define HAVE_STRINGS_H 1
| #define HAVE_INTTYPES_H 1
| #define HAVE_STDINT_H 1
| #define HAVE_UNISTD_H 1
| /* end confdefs.h.  */
| #include <minix/config.h>
configure:4068: result: no
configure:4104: checking for minix/config.h
configure:4111: result: no
configure:4141: checking for strerror in -lcposix
configure:4172: gcc -o conftest -g -O2   conftest.c -lcposix   >&5
ld: library not found for -lcposix
collect2: ld returned 1 exit status
configure:4175: $? = 1
configure: failed program was:
| #line 4148 "configure"
| /* confdefs.h.  */
| 
| #define PACKAGE_NAME ""
| #define PACKAGE_TARNAME ""
| #define PACKAGE_VERSION ""
| #define PACKAGE_STRING ""
| #define PACKAGE_BUGREPORT ""
| #define PACKAGE "libiconv"
| #define VERSION "1.9"
| #define INSTALLPREFIX "/usr/local"
| #define ENABLE_RELOCATABLE 1
| #define ENABLE_EXTRA 1
| #define _GNU_SOURCE 1
| #define STDC_HEADERS 1
| #define HAVE_SYS_TYPES_H 1
| #define HAVE_SYS_STAT_H 1
| #define HAVE_STDLIB_H 1
| #define HAVE_STRING_H 1
| #define HAVE_MEMORY_H 1
| #define HAVE_STRINGS_H 1
| #define HAVE_INTTYPES_H 1
| #define HAVE_STDINT_H 1
| #define HAVE_UNISTD_H 1
| /* end confdefs.h.  */
| 
| /* Override any gcc2 internal prototype to avoid an error.  */
| #ifdef __cplusplus
| extern "C"
| #endif
| /* We use char because int might match the return type of a gcc2
|    builtin and then its argument prototype would still apply.  */
| char strerror ();
| int
| main ()
| {
| strerror ();
|   ;
|   return 0;
| }
configure:4193: result: no
configure:4282: checking for a sed that does not truncate output
configure:4336: result: /opt/local/bin/gsed
configure:4350: checking for ld used by gcc
configure:4417: result: /usr/llvm-gcc-4.2/libexec/gcc/i686-apple-darwin11/4.2.1/ld
configure:4426: checking if the linker (/usr/llvm-gcc-4.2/libexec/gcc/i686-apple-darwin11/4.2.1/ld) is GNU ld
configure:4441: result: no
configure:4446: checking for /usr/llvm-gcc-4.2/libexec/gcc/i686-apple-darwin11/4.2.1/ld option to reload object files
configure:4453: result: -r
configure:4462: checking for BSD-compatible nm
configure:4504: result: /usr/bin/nm
configure:4508: checking how to recognise dependent libraries
configure:4708: result: pass_all
configure:5160: checking dlfcn.h usability
configure:5173: gcc -c -g -O2  conftest.c >&5
configure:5176: $? = 0
configure:5179: test -s conftest.o
configure:5182: $? = 0
configure:5192: result: yes
configure:5196: checking dlfcn.h presence
configure:5207: gcc -E  conftest.c
configure:5213: $? = 0
configure:5232: result: yes
configure:5268: checking for dlfcn.h
configure:5275: result: yes
configure:5340: checking for g++
configure:5356: found /usr/bin/g++
configure:5366: result: g++
configure:5382: checking for C++ compiler version
configure:5385: g++ --version </dev/null >&5
i686-apple-darwin11-llvm-g++-4.2 (GCC) 4.2.1 (Based on Apple Inc. build 5658) (LLVM build 2335.15.00)
Copyright (C) 2007 Free Software Foundation, Inc.
This is free software; see the source for copying conditions.  There is NO
warranty; not even for MERCHANTABILITY or FITNESS FOR A PARTICULAR PURPOSE.

configure:5388: $? = 0
configure:5390: g++ -v </dev/null >&5
Using built-in specs.
Target: i686-apple-darwin11
Configured with: /private/var/tmp/llvmgcc42/llvmgcc42-2335.15~25/src/configure --disable-checking --enable-werror --prefix=/Developer/usr/llvm-gcc-4.2 --mandir=/share/man --enable-languages=c,objc,c++,obj-c++ --program-prefix=llvm- --program-transform-name=/^[cg][^.-]*$/s/$/-4.2/ --with-slibdir=/usr/lib --build=i686-apple-darwin11 --enable-llvm=/private/var/tmp/llvmgcc42/llvmgcc42-2335.15~25/dst-llvmCore/Developer/usr/local --program-prefix=i686-apple-darwin11- --host=x86_64-apple-darwin11 --target=i686-apple-darwin11 --with-gxx-include-dir=/usr/include/c++/4.2.1
Thread model: posix
gcc version 4.2.1 (Based on Apple Inc. build 5658) (LLVM build 2335.15.00)
configure:5393: $? = 0
configure:5395: g++ -V </dev/null >&5
llvm-g++-4.2: argument to `-V' is missing
configure:5398: $? = 1
configure:5401: checking whether we are using the GNU C++ compiler
configure:5426: g++ -c   conftest.cc >&5
configure:5429: $? = 0
configure:5432: test -s conftest.o
configure:5435: $? = 0
configure:5448: result: yes
configure:5454: checking whether g++ accepts -g
configure:5476: g++ -c -g  conftest.cc >&5
configure:5479: $? = 0
configure:5482: test -s conftest.o
configure:5485: $? = 0
configure:5496: result: yes
configure:5540: g++ -c -g -O2  conftest.cc >&5
configure:5543: $? = 0
configure:5546: test -s conftest.o
configure:5549: $? = 0
configure:5576: g++ -c -g -O2  conftest.cc >&5
configure: In function 'int main()':
configure:5588: error: 'exit' was not declared in this scope
configure:5579: $? = 1
configure: failed program was:
| #line 5559 "configure"
| /* confdefs.h.  */
| 
| #define PACKAGE_NAME ""
| #define PACKAGE_TARNAME ""
| #define PACKAGE_VERSION ""
| #define PACKAGE_STRING ""
| #define PACKAGE_BUGREPORT ""
| #define PACKAGE "libiconv"
| #define VERSION "1.9"
| #define INSTALLPREFIX "/usr/local"
| #define ENABLE_RELOCATABLE 1
| #define ENABLE_EXTRA 1
| #define _GNU_SOURCE 1
| #define STDC_HEADERS 1
| #define HAVE_SYS_TYPES_H 1
| #define HAVE_SYS_STAT_H 1
| #define HAVE_STDLIB_H 1
| #define HAVE_STRING_H 1
| #define HAVE_MEMORY_H 1
| #define HAVE_STRINGS_H 1
| #define HAVE_INTTYPES_H 1
| #define HAVE_STDINT_H 1
| #define HAVE_UNISTD_H 1
| #define HAVE_DLFCN_H 1
| /* end confdefs.h.  */
| 
| int
| main ()
| {
| exit (42);
|   ;
|   return 0;
| }
configure:5540: g++ -c -g -O2  conftest.cc >&5
configure:5543: $? = 0
configure:5546: test -s conftest.o
configure:5549: $? = 0
configure:5576: g++ -c -g -O2  conftest.cc >&5
configure:5579: $? = 0
configure:5582: test -s conftest.o
configure:5585: $? = 0
configure:5610: checking dependency style of g++
configure:5678: result: none
configure:5700: checking how to run the C++ preprocessor
configure:5732: g++ -E  conftest.cc
configure:5738: $? = 0
configure:5770: g++ -E  conftest.cc
configure:5789:28: error: ac_nonexistent.h: No such file or directory
configure:5776: $? = 1
configure: failed program was:
| #line 5761 "configure"
| /* confdefs.h.  */
| 
| #define PACKAGE_NAME ""
| #define PACKAGE_TARNAME ""
| #define PACKAGE_VERSION ""
| #define PACKAGE_STRING ""
| #define PACKAGE_BUGREPORT ""
| #define PACKAGE "libiconv"
| #define VERSION "1.9"
| #define INSTALLPREFIX "/usr/local"
| #define ENABLE_RELOCATABLE 1
| #define ENABLE_EXTRA 1
| #define _GNU_SOURCE 1
| #define STDC_HEADERS 1
| #define HAVE_SYS_TYPES_H 1
| #define HAVE_SYS_STAT_H 1
| #define HAVE_STDLIB_H 1
| #define HAVE_STRING_H 1
| #define HAVE_MEMORY_H 1
| #define HAVE_STRINGS_H 1
| #define HAVE_INTTYPES_H 1
| #define HAVE_STDINT_H 1
| #define HAVE_UNISTD_H 1
| #define HAVE_DLFCN_H 1
| #ifdef __cplusplus
| #include <stdlib.h>
| #endif
| /* end confdefs.h.  */
| #include <ac_nonexistent.h>
configure:5814: result: g++ -E
configure:5839: g++ -E  conftest.cc
configure:5845: $? = 0
configure:5877: g++ -E  conftest.cc
configure:5896:28: error: ac_nonexistent.h: No such file or directory
configure:5883: $? = 1
configure: failed program was:
| #line 5868 "configure"
| /* confdefs.h.  */
| 
| #define PACKAGE_NAME ""
| #define PACKAGE_TARNAME ""
| #define PACKAGE_VERSION ""
| #define PACKAGE_STRING ""
| #define PACKAGE_BUGREPORT ""
| #define PACKAGE "libiconv"
| #define VERSION "1.9"
| #define INSTALLPREFIX "/usr/local"
| #define ENABLE_RELOCATABLE 1
| #define ENABLE_EXTRA 1
| #define _GNU_SOURCE 1
| #define STDC_HEADERS 1
| #define HAVE_SYS_TYPES_H 1
| #define HAVE_SYS_STAT_H 1
| #define HAVE_STDLIB_H 1
| #define HAVE_STRING_H 1
| #define HAVE_MEMORY_H 1
| #define HAVE_STRINGS_H 1
| #define HAVE_INTTYPES_H 1
| #define HAVE_STDINT_H 1
| #define HAVE_UNISTD_H 1
| #define HAVE_DLFCN_H 1
| #ifdef __cplusplus
| #include <stdlib.h>
| #endif
| /* end confdefs.h.  */
| #include <ac_nonexistent.h>
configure:5977: checking for g77
configure:6006: result: no
configure:5977: checking for f77
configure:6006: result: no
configure:5977: checking for xlf
configure:6006: result: no
configure:5977: checking for frt
configure:6006: result: no
configure:5977: checking for pgf77
configure:6006: result: no
configure:5977: checking for fl32
configure:6006: result: no
configure:5977: checking for af77
configure:6006: result: no
configure:5977: checking for fort77
configure:6006: result: no
configure:5977: checking for f90
configure:6006: result: no
configure:5977: checking for xlf90
configure:6006: result: no
configure:5977: checking for pgf90
configure:6006: result: no
configure:5977: checking for epcf90
configure:6006: result: no
configure:5977: checking for f95
configure:6006: result: no
configure:5977: checking for fort
configure:6006: result: no
configure:5977: checking for xlf95
configure:6006: result: no
configure:5977: checking for lf95
configure:6006: result: no
configure:5977: checking for g95
configure:6006: result: no
configure:6018: checking for Fortran 77 compiler version
configure:6021:  --version </dev/null >&5
./configure: line 6022: --version: command not found
configure:6024: $? = 127
configure:6026:  -v </dev/null >&5
./configure: line 6027: -v: command not found
configure:6029: $? = 127
configure:6031:  -V </dev/null >&5
./configure: line 6032: -V: command not found
configure:6034: $? = 127
configure:6041: checking whether we are using the GNU Fortran 77 compiler
configure:6055:  -c  conftest.F >&5
./configure: line 6056: -c: command not found
configure:6058: $? = 127
configure: failed program was:
|       program main
| #ifndef __GNUC__
|        choke me
| #endif
| 
|       end
configure:6077: result: no
configure:6084: checking whether  accepts -g
configure:6096:  -c -g conftest.f >&5
./configure: line 6097: -c: command not found
configure:6099: $? = 127
configure: failed program was:
|       program main
| 
|       end
configure:6117: result: no
configure:6145: checking the maximum length of command line arguments
configure:6204: result: 65536
configure:6215: checking command to parse /usr/bin/nm output from gcc object
configure:6304: gcc -c -g -O2  conftest.c >&5
configure:6307: $? = 0
configure:6311: /usr/bin/nm conftest.o \| sed -n -e 's/^.*[ 	]\([BCDEGRST][BCDEGRST]*\)[ 	][ 	]*\(\)\([_A-Za-z][_A-Za-z0-9]*\)$/\1 \2\3 \3/p' \> conftest.nm
configure:6314: $? = 0
cannot find nm_test_var in conftest.nm
configure:6304: gcc -c -g -O2  conftest.c >&5
configure:6307: $? = 0
configure:6311: /usr/bin/nm conftest.o \| sed -n -e 's/^.*[ 	]\([BCDEGRST][BCDEGRST]*\)[ 	][ 	]*\(_\)\([_A-Za-z][_A-Za-z0-9]*\)$/\1 \2\3 \3/p' \> conftest.nm
configure:6314: $? = 0
configure:6366: gcc -o conftest -g -O2   conftest.c conftstm.o >&5
configure:6369: $? = 0
configure:6407: result: ok
configure:6411: checking for objdir
configure:6426: result: .libs
configure:6516: checking for ar
configure:6532: found /usr/bin/ar
configure:6543: result: ar
configure:6596: checking for ranlib
configure:6623: result: ranlib
configure:6676: checking for strip
configure:6692: found /usr/bin/strip
configure:6703: result: strip
configure:6965: checking if gcc static flag  works
configure:6988: result: yes
configure:7005: checking if gcc supports -fno-rtti -fno-exceptions
configure:7023: gcc -c -g -O2  -fno-rtti -fno-exceptions conftest.c >&5
cc1: warning: command line option "-fno-rtti" is valid for C++/ObjC++ but not for C
configure:7027: $? = 0
configure:7038: result: no
configure:7053: checking for gcc option to produce PIC
configure:7230: result: -fno-common
configure:7237: checking if gcc PIC flag -fno-common works
configure:7255: gcc -c -g -O2  -fno-common -DPIC conftest.c >&5
configure:7259: $? = 0
configure:7270: result: yes
configure:7294: checking if gcc supports -c -o file.o
configure:7322: gcc -c -g -O2  -o out/conftest2.o conftest.c >&5
configure:7326: $? = 0
configure:7343: result: yes
configure:7369: checking whether the gcc linker (/usr/llvm-gcc-4.2/libexec/gcc/i686-apple-darwin11/4.2.1/ld) supports shared libraries
configure:8163: result: yes
configure:8234: checking how to hardcode library paths into programs
configure:8259: result: immediate
configure:8273: checking whether stripping libraries is possible
configure:8286: result: yes
configure:8300: checking dynamic linker characteristics
configure:8823: result: darwin11.2.0 dyld
configure:9549: checking if libtool supports shared libraries
configure:9551: result: yes
configure:9554: checking whether to build shared libraries
configure:9603: result: no
configure:9606: checking whether to build static libraries
configure:9610: result: yes
configure:9701: creating libtool
configure:10245: checking for ld used by g++
configure:10312: result: /usr/llvm-gcc-4.2/libexec/gcc/i686-apple-darwin11/4.2.1/ld
configure:10321: checking if the linker (/usr/llvm-gcc-4.2/libexec/gcc/i686-apple-darwin11/4.2.1/ld) is GNU ld
configure:10336: result: no
configure:10387: checking whether the g++ linker (/usr/llvm-gcc-4.2/libexec/gcc/i686-apple-darwin11/4.2.1/ld) supports shared libraries
configure:11182: result: yes
configure:11200: g++ -c -g -O2  conftest.cc >&5
configure:11203: $? = 0
configure:11299: checking for g++ option to produce PIC
configure:11551: result: -fno-common
configure:11558: checking if g++ PIC flag -fno-common works
configure:11576: g++ -c -g -O2  -fno-common -DPIC conftest.cc >&5
configure:11580: $? = 0
configure:11591: result: yes
configure:11615: checking if g++ supports -c -o file.o
configure:11643: g++ -c -g -O2  -o out/conftest2.o conftest.cc >&5
configure:11647: $? = 0
configure:11664: result: yes
configure:11690: checking whether the g++ linker (/usr/llvm-gcc-4.2/libexec/gcc/i686-apple-darwin11/4.2.1/ld) supports shared libraries
configure:11715: result: yes
configure:11786: checking how to hardcode library paths into programs
configure:11811: result: immediate
configure:11825: checking whether stripping libraries is possible
configure:11838: result: yes
configure:11852: checking dynamic linker characteristics
configure:12375: result: darwin11.2.0 dyld
configure:19281: checking for shared library run path origin
configure:19294: result: done
configure:19724: checking for iconv
configure:19752: gcc -o conftest -g -O2   conftest.c  >&5
Undefined symbols for architecture x86_64:
  "_iconv_open", referenced from:
      _main in ccNdH7Cc.o
  "_iconv", referenced from:
      _main in ccNdH7Cc.o
  "_iconv_close", referenced from:
      _main in ccNdH7Cc.o
ld: symbol(s) not found for architecture x86_64
collect2: ld returned 1 exit status
configure:19755: $? = 1
configure: failed program was:
| #line 19732 "configure"
| /* confdefs.h.  */
| 
| #define PACKAGE_NAME ""
| #define PACKAGE_TARNAME ""
| #define PACKAGE_VERSION ""
| #define PACKAGE_STRING ""
| #define PACKAGE_BUGREPORT ""
| #define PACKAGE "libiconv"
| #define VERSION "1.9"
| #define INSTALLPREFIX "/usr/local"
| #define ENABLE_RELOCATABLE 1
| #define ENABLE_EXTRA 1
| #define _GNU_SOURCE 1
| #define STDC_HEADERS 1
| #define HAVE_SYS_TYPES_H 1
| #define HAVE_SYS_STAT_H 1
| #define HAVE_STDLIB_H 1
| #define HAVE_STRING_H 1
| #define HAVE_MEMORY_H 1
| #define HAVE_STRINGS_H 1
| #define HAVE_INTTYPES_H 1
| #define HAVE_STDINT_H 1
| #define HAVE_UNISTD_H 1
| #define HAVE_DLFCN_H 1
| #ifdef __cplusplus
| #include <stdlib.h>
| #endif
| /* end confdefs.h.  */
| #include <stdlib.h>
| #include <iconv.h>
| int
| main ()
| {
| iconv_t cd = iconv_open("","");
|        iconv(cd,NULL,NULL,NULL,NULL);
|        iconv_close(cd);
|   ;
|   return 0;
| }
configure:19793: gcc -o conftest -g -O2   conftest.c  -liconv >&5
configure:19796: $? = 0
configure:19799: test -s conftest
configure:19802: $? = 0
configure:19816: result: yes
configure:19826: checking how to link with libiconv
configure:19828: result: -liconv
configure:19839: checking for iconv declaration
configure:19874: gcc -c -g -O2  conftest.c >&5
configure:19877: $? = 0
configure:19880: test -s conftest.o
configure:19883: $? = 0
configure:19898: result: 
         extern size_t iconv (iconv_t cd, char * *inbuf, size_t *inbytesleft, char * *outbuf, size_t *outbytesleft);
configure:19922: checking whether NLS is requested
configure:19931: result: yes
configure:19969: checking for msgfmt
configure:20000: result: /opt/local/bin/msgfmt
configure:20009: checking for gmsgfmt
configure:20040: result: /opt/local/bin/msgfmt
configure:20079: checking for xgettext
configure:20110: result: /opt/local/bin/xgettext
configure:20150: checking for msgmerge
configure:20180: result: /opt/local/bin/msgmerge
configure:20231: checking whether NLS is requested
configure:20240: result: yes
configure:20258: checking for GNU gettext in libc
configure:20283: gcc -o conftest -g -O2   conftest.c  >&5
configure:20293:21: error: libintl.h: No such file or directory
configure: In function 'main':
configure:20300: warning: incompatible implicit declaration of built-in function 'gettext'
configure:20300: warning: cast from pointer to integer of different size
configure:20286: $? = 1
configure: failed program was:
| #line 20263 "configure"
| /* confdefs.h.  */
| 
| #define PACKAGE_NAME ""
| #define PACKAGE_TARNAME ""
| #define PACKAGE_VERSION ""
| #define PACKAGE_STRING ""
| #define PACKAGE_BUGREPORT ""
| #define PACKAGE "libiconv"
| #define VERSION "1.9"
| #define INSTALLPREFIX "/usr/local"
| #define ENABLE_RELOCATABLE 1
| #define ENABLE_EXTRA 1
| #define _GNU_SOURCE 1
| #define STDC_HEADERS 1
| #define HAVE_SYS_TYPES_H 1
| #define HAVE_SYS_STAT_H 1
| #define HAVE_STDLIB_H 1
| #define HAVE_STRING_H 1
| #define HAVE_MEMORY_H 1
| #define HAVE_STRINGS_H 1
| #define HAVE_INTTYPES_H 1
| #define HAVE_STDINT_H 1
| #define HAVE_UNISTD_H 1
| #define HAVE_DLFCN_H 1
| #ifdef __cplusplus
| #include <stdlib.h>
| #endif
| #define HAVE_ICONV 1
| #define ICONV_CONST 
| /* end confdefs.h.  */
| #include <libintl.h>
| extern int _nl_msg_cat_cntr;
| extern int *_nl_domain_bindings;
| int
| main ()
| {
| bindtextdomain ("", "");
| return (int) gettext ("") + _nl_msg_cat_cntr + *_nl_domain_bindings
|   ;
|   return 0;
| }
configure:20303: result: no
configure:20337: checking for iconv
configure:20429: result: yes
configure:20439: checking how to link with libiconv
configure:20441: result: -liconv
configure:20830: checking for GNU gettext in libintl
configure:20863: gcc -o conftest -g -O2    conftest.c  -lintl >&5
configure:20870:21: error: libintl.h: No such file or directory
configure: In function 'main':
configure:20881: warning: incompatible implicit declaration of built-in function 'gettext'
configure:20881: warning: cast from pointer to integer of different size
configure:20866: $? = 1
configure: failed program was:
| #line 20839 "configure"
| /* confdefs.h.  */
| 
| #define PACKAGE_NAME ""
| #define PACKAGE_TARNAME ""
| #define PACKAGE_VERSION ""
| #define PACKAGE_STRING ""
| #define PACKAGE_BUGREPORT ""
| #define PACKAGE "libiconv"
| #define VERSION "1.9"
| #define INSTALLPREFIX "/usr/local"
| #define ENABLE_RELOCATABLE 1
| #define ENABLE_EXTRA 1
| #define _GNU_SOURCE 1
| #define STDC_HEADERS 1
| #define HAVE_SYS_TYPES_H 1
| #define HAVE_SYS_STAT_H 1
| #define HAVE_STDLIB_H 1
| #define HAVE_STRING_H 1
| #define HAVE_MEMORY_H 1
| #define HAVE_STRINGS_H 1
| #define HAVE_INTTYPES_H 1
| #define HAVE_STDINT_H 1
| #define HAVE_UNISTD_H 1
| #define HAVE_DLFCN_H 1
| #ifdef __cplusplus
| #include <stdlib.h>
| #endif
| #define HAVE_ICONV 1
| #define ICONV_CONST 
| #define HAVE_ICONV 1
| /* end confdefs.h.  */
| #include <libintl.h>
| extern int _nl_msg_cat_cntr;
| extern
| #ifdef __cplusplus
| "C"
| #endif
| const char *_nl_expand_alias ();
| int
| main ()
| {
| bindtextdomain ("", "");
| return (int) gettext ("") + _nl_msg_cat_cntr + *_nl_expand_alias (0)
|   ;
|   return 0;
| }
configure:20908: gcc -o conftest -g -O2    conftest.c  -lintl -liconv >&5
configure:20915:21: error: libintl.h: No such file or directory
configure: In function 'main':
configure:20926: warning: incompatible implicit declaration of built-in function 'gettext'
configure:20926: warning: cast from pointer to integer of different size
configure:20911: $? = 1
configure: failed program was:
| #line 20884 "configure"
| /* confdefs.h.  */
| 
| #define PACKAGE_NAME ""
| #define PACKAGE_TARNAME ""
| #define PACKAGE_VERSION ""
| #define PACKAGE_STRING ""
| #define PACKAGE_BUGREPORT ""
| #define PACKAGE "libiconv"
| #define VERSION "1.9"
| #define INSTALLPREFIX "/usr/local"
| #define ENABLE_RELOCATABLE 1
| #define ENABLE_EXTRA 1
| #define _GNU_SOURCE 1
| #define STDC_HEADERS 1
| #define HAVE_SYS_TYPES_H 1
| #define HAVE_SYS_STAT_H 1
| #define HAVE_STDLIB_H 1
| #define HAVE_STRING_H 1
| #define HAVE_MEMORY_H 1
| #define HAVE_STRINGS_H 1
| #define HAVE_INTTYPES_H 1
| #define HAVE_STDINT_H 1
| #define HAVE_UNISTD_H 1
| #define HAVE_DLFCN_H 1
| #ifdef __cplusplus
| #include <stdlib.h>
| #endif
| #define HAVE_ICONV 1
| #define ICONV_CONST 
| #define HAVE_ICONV 1
| /* end confdefs.h.  */
| #include <libintl.h>
| extern int _nl_msg_cat_cntr;
| extern
| #ifdef __cplusplus
| "C"
| #endif
| const char *_nl_expand_alias ();
| int
| main ()
| {
| bindtextdomain ("", "");
| return (int) gettext ("") + _nl_msg_cat_cntr + *_nl_expand_alias (0)
|   ;
|   return 0;
| }
configure:20933: result: no
configure:20962: checking whether to use NLS
configure:20964: result: no
configure:21041: checking for ANSI C header files
configure:21191: result: yes
configure:21218: checking locale.h usability
configure:21231: gcc -c -g -O2  conftest.c >&5
configure:21234: $? = 0
configure:21237: test -s conftest.o
configure:21240: $? = 0
configure:21250: result: yes
configure:21254: checking locale.h presence
configure:21265: gcc -E  conftest.c
configure:21271: $? = 0
configure:21290: result: yes
configure:21326: checking for locale.h
configure:21333: result: yes
configure:21218: checking stddef.h usability
configure:21231: gcc -c -g -O2  conftest.c >&5
configure:21234: $? = 0
configure:21237: test -s conftest.o
configure:21240: $? = 0
configure:21250: result: yes
configure:21254: checking stddef.h presence
configure:21265: gcc -E  conftest.c
configure:21271: $? = 0
configure:21290: result: yes
configure:21326: checking for stddef.h
configure:21333: result: yes
configure:21209: checking for stdlib.h
configure:21214: result: yes
configure:21209: checking for string.h
configure:21214: result: yes
configure:21354: checking for stdlib.h
configure:21359: result: yes
configure:21492: checking for mbstate_t
configure:21518: gcc -c -g -O2  conftest.c >&5
configure:21521: $? = 0
configure:21524: test -s conftest.o
configure:21527: $? = 0
configure:21538: result: yes
configure:21564: checking for getc_unlocked
configure:21614: gcc -o conftest -g -O2   conftest.c  >&5
configure:21617: $? = 0
configure:21620: test -s conftest
configure:21623: $? = 0
configure:21634: result: yes
configure:21564: checking for mbrtowc
configure:21614: gcc -o conftest -g -O2   conftest.c  >&5
configure:21617: $? = 0
configure:21620: test -s conftest
configure:21623: $? = 0
configure:21634: result: yes
configure:21564: checking for wcrtomb
configure:21614: gcc -o conftest -g -O2   conftest.c  >&5
configure:21617: $? = 0
configure:21620: test -s conftest
configure:21623: $? = 0
configure:21634: result: yes
configure:21564: checking for mbsinit
configure:21614: gcc -o conftest -g -O2   conftest.c  >&5
configure:21617: $? = 0
configure:21620: test -s conftest
configure:21623: $? = 0
configure:21634: result: yes
configure:21564: checking for setlocale
configure:21614: gcc -o conftest -g -O2   conftest.c  >&5
configure:21617: $? = 0
configure:21620: test -s conftest
configure:21623: $? = 0
configure:21634: result: yes
configure:21648: checking for memmove
configure:21698: gcc -o conftest -g -O2   conftest.c  >&5
configure:21711: warning: conflicting types for built-in function 'memmove'
configure:21701: $? = 0
configure:21704: test -s conftest
configure:21707: $? = 0
configure:21718: result: yes
configure:21733: checking for nl_langinfo and CODESET
configure:21755: gcc -o conftest -g -O2   conftest.c  >&5
configure:21758: $? = 0
configure:21761: test -s conftest
configure:21764: $? = 0
configure:21776: result: yes
configure:21803: checking wchar.h usability
configure:21816: gcc -c -g -O2  conftest.c >&5
configure:21819: $? = 0
configure:21822: test -s conftest.o
configure:21825: $? = 0
configure:21835: result: yes
configure:21839: checking wchar.h presence
configure:21850: gcc -E  conftest.c
configure:21856: $? = 0
configure:21875: result: yes
configure:21911: checking for wchar.h
configure:21918: result: yes
configure:21932: checking for EILSEQ
configure:22321: result: yes
configure:22334: checking byte ordering
configure:22363: gcc -o conftest -g -O2   conftest.c  >&5
configure: In function 'main':
configure:22397: warning: incompatible implicit declaration of built-in function 'exit'
configure:22366: $? = 0
configure:22368: ./conftest
configure:22371: $? = 1
configure: program exited with status 1
configure: failed program was:
| #line 22344 "configure"
| /* confdefs.h.  */
| 
| #define PACKAGE_NAME ""
| #define PACKAGE_TARNAME ""
| #define PACKAGE_VERSION ""
| #define PACKAGE_STRING ""
| #define PACKAGE_BUGREPORT ""
| #define PACKAGE "libiconv"
| #define VERSION "1.9"
| #define INSTALLPREFIX "/usr/local"
| #define ENABLE_RELOCATABLE 1
| #define ENABLE_EXTRA 1
| #define _GNU_SOURCE 1
| #define STDC_HEADERS 1
| #define HAVE_SYS_TYPES_H 1
| #define HAVE_SYS_STAT_H 1
| #define HAVE_STDLIB_H 1
| #define HAVE_STRING_H 1
| #define HAVE_MEMORY_H 1
| #define HAVE_STRINGS_H 1
| #define HAVE_INTTYPES_H 1
| #define HAVE_STDINT_H 1
| #define HAVE_UNISTD_H 1
| #define HAVE_DLFCN_H 1
| #ifdef __cplusplus
| #include <stdlib.h>
| #endif
| #define HAVE_ICONV 1
| #define ICONV_CONST 
| #define HAVE_ICONV 1
| #define STDC_HEADERS 1
| #define HAVE_LOCALE_H 1
| #define HAVE_STDDEF_H 1
| #define HAVE_STDLIB_H 1
| #define HAVE_STRING_H 1
| #define HAVE_STDLIB_H 1
| #define HAVE_GETC_UNLOCKED 1
| #define HAVE_MBRTOWC 1
| #define HAVE_WCRTOMB 1
| #define HAVE_MBSINIT 1
| #define HAVE_SETLOCALE 1
| #define HAVE_MEMMOVE 1
| #define HAVE_LANGINFO_CODESET 1
| #define HAVE_WCHAR_H 1
| /* end confdefs.h.  */
| int main () {
|   /* Are we little or big endian?  From Harbison&Steele.  */
|   union
|   {
|     long l;
|     char c[sizeof (long)];
|   } u;
|   u.l = 1;
|   exit (u.c[0] == 1);
| }
configure:22429: result: little endian
configure:22444: checking for working alloca.h
configure:22466: gcc -o conftest -g -O2   conftest.c  >&5
configure:22469: $? = 0
configure:22472: test -s conftest
configure:22475: $? = 0
configure:22486: result: yes
configure:22496: checking for alloca
configure:22538: gcc -o conftest -g -O2   conftest.c  >&5
configure:22541: $? = 0
configure:22544: test -s conftest
configure:22547: $? = 0
configure:22558: result: yes
configure:22771: checking for stdlib.h
configure:22776: result: yes
configure:22915: checking for string.h
configure:22920: result: yes
configure:23113: checking sys/param.h usability
configure:23126: gcc -c -g -O2  conftest.c >&5
configure:23129: $? = 0
configure:23132: test -s conftest.o
configure:23135: $? = 0
configure:23145: result: yes
configure:23149: checking sys/param.h presence
configure:23160: gcc -E  conftest.c
configure:23166: $? = 0
configure:23185: result: yes
configure:23221: checking for sys/param.h
configure:23228: result: yes
configure:23248: checking for unistd.h
configure:23253: result: yes
configure:23391: checking for canonicalize_file_name
configure:23441: gcc -o conftest -g -O2   conftest.c  >&5
Undefined symbols for architecture x86_64:
  "_canonicalize_file_name", referenced from:
      _main in cc9ZT03N.o
      _f in cc9ZT03N.o
ld: symbol(s) not found for architecture x86_64
collect2: ld returned 1 exit status
configure:23444: $? = 1
configure: failed program was:
| #line 23396 "configure"
| /* confdefs.h.  */
| 
| #define PACKAGE_NAME ""
| #define PACKAGE_TARNAME ""
| #define PACKAGE_VERSION ""
| #define PACKAGE_STRING ""
| #define PACKAGE_BUGREPORT ""
| #define PACKAGE "libiconv"
| #define VERSION "1.9"
| #define INSTALLPREFIX "/usr/local"
| #define ENABLE_RELOCATABLE 1
| #define ENABLE_EXTRA 1
| #define _GNU_SOURCE 1
| #define STDC_HEADERS 1
| #define HAVE_SYS_TYPES_H 1
| #define HAVE_SYS_STAT_H 1
| #define HAVE_STDLIB_H 1
| #define HAVE_STRING_H 1
| #define HAVE_MEMORY_H 1
| #define HAVE_STRINGS_H 1
| #define HAVE_INTTYPES_H 1
| #define HAVE_STDINT_H 1
| #define HAVE_UNISTD_H 1
| #define HAVE_DLFCN_H 1
| #ifdef __cplusplus
| #include <stdlib.h>
| #endif
| #define HAVE_ICONV 1
| #define ICONV_CONST 
| #define HAVE_ICONV 1
| #define STDC_HEADERS 1
| #define HAVE_LOCALE_H 1
| #define HAVE_STDDEF_H 1
| #define HAVE_STDLIB_H 1
| #define HAVE_STRING_H 1
| #define HAVE_STDLIB_H 1
| #define HAVE_GETC_UNLOCKED 1
| #define HAVE_MBRTOWC 1
| #define HAVE_WCRTOMB 1
| #define HAVE_MBSINIT 1
| #define HAVE_SETLOCALE 1
| #define HAVE_MEMMOVE 1
| #define HAVE_LANGINFO_CODESET 1
| #define HAVE_WCHAR_H 1
| #define WORDS_LITTLEENDIAN 1
| #define HAVE_ALLOCA_H 1
| #define HAVE_ALLOCA 1
| #define HAVE_STDLIB_H 1
| #define HAVE_STRING_H 1
| #define HAVE_SYS_PARAM_H 1
| #define HAVE_UNISTD_H 1
| /* end confdefs.h.  */
| /* System header to define __stub macros and hopefully few prototypes,
|     which can conflict with char canonicalize_file_name (); below.
|     Prefer <limits.h> to <assert.h> if __STDC__ is defined, since
|     <limits.h> exists even on freestanding compilers.  */
| #ifdef __STDC__
| # include <limits.h>
| #else
| # include <assert.h>
| #endif
| /* Override any gcc2 internal prototype to avoid an error.  */
| #ifdef __cplusplus
| extern "C"
| {
| #endif
| /* We use char because int might match the return type of a gcc2
|    builtin and then its argument prototype would still apply.  */
| char canonicalize_file_name ();
| /* The GNU C library defines this for functions which it implements
|     to always fail with ENOSYS.  Some functions are actually named
|     something starting with __ and the normal name is an alias.  */
| #if defined (__stub_canonicalize_file_name) || defined (__stub___canonicalize_file_name)
| choke me
| #else
| char (*f) () = canonicalize_file_name;
| #endif
| #ifdef __cplusplus
| }
| #endif
| 
| int
| main ()
| {
| return f != canonicalize_file_name;
|   ;
|   return 0;
| }
configure:23461: result: no
configure:23493: checking for getcwd
configure:23543: gcc -o conftest -g -O2   conftest.c  >&5
configure:23546: $? = 0
configure:23549: test -s conftest
configure:23552: $? = 0
configure:23563: result: yes
configure:23577: checking whether clearerr_unlocked is declared
configure:23602: gcc -c -g -O2  conftest.c >&5
configure:23605: $? = 0
configure:23608: test -s conftest.o
configure:23611: $? = 0
configure:23622: result: yes
configure:23642: checking whether feof_unlocked is declared
configure:23667: gcc -c -g -O2  conftest.c >&5
configure:23670: $? = 0
configure:23673: test -s conftest.o
configure:23676: $? = 0
configure:23687: result: yes
configure:23707: checking whether ferror_unlocked is declared
configure:23732: gcc -c -g -O2  conftest.c >&5
configure:23735: $? = 0
configure:23738: test -s conftest.o
configure:23741: $? = 0
configure:23752: result: yes
configure:23772: checking whether fflush_unlocked is declared
configure:23797: gcc -c -g -O2  conftest.c >&5
configure: In function 'main':
configure:23872: error: 'fflush_unlocked' undeclared (first use in this function)
configure:23872: error: (Each undeclared identifier is reported only once
configure:23872: error: for each function it appears in.)
configure:23800: $? = 1
configure: failed program was:
| #line 23777 "configure"
| /* confdefs.h.  */
| 
| #define PACKAGE_NAME ""
| #define PACKAGE_TARNAME ""
| #define PACKAGE_VERSION ""
| #define PACKAGE_STRING ""
| #define PACKAGE_BUGREPORT ""
| #define PACKAGE "libiconv"
| #define VERSION "1.9"
| #define INSTALLPREFIX "/usr/local"
| #define ENABLE_RELOCATABLE 1
| #define ENABLE_EXTRA 1
| #define _GNU_SOURCE 1
| #define STDC_HEADERS 1
| #define HAVE_SYS_TYPES_H 1
| #define HAVE_SYS_STAT_H 1
| #define HAVE_STDLIB_H 1
| #define HAVE_STRING_H 1
| #define HAVE_MEMORY_H 1
| #define HAVE_STRINGS_H 1
| #define HAVE_INTTYPES_H 1
| #define HAVE_STDINT_H 1
| #define HAVE_UNISTD_H 1
| #define HAVE_DLFCN_H 1
| #ifdef __cplusplus
| #include <stdlib.h>
| #endif
| #define HAVE_ICONV 1
| #define ICONV_CONST 
| #define HAVE_ICONV 1
| #define STDC_HEADERS 1
| #define HAVE_LOCALE_H 1
| #define HAVE_STDDEF_H 1
| #define HAVE_STDLIB_H 1
| #define HAVE_STRING_H 1
| #define HAVE_STDLIB_H 1
| #define HAVE_GETC_UNLOCKED 1
| #define HAVE_MBRTOWC 1
| #define HAVE_WCRTOMB 1
| #define HAVE_MBSINIT 1
| #define HAVE_SETLOCALE 1
| #define HAVE_MEMMOVE 1
| #define HAVE_LANGINFO_CODESET 1
| #define HAVE_WCHAR_H 1
| #define WORDS_LITTLEENDIAN 1
| #define HAVE_ALLOCA_H 1
| #define HAVE_ALLOCA 1
| #define HAVE_STDLIB_H 1
| #define HAVE_STRING_H 1
| #define HAVE_SYS_PARAM_H 1
| #define HAVE_UNISTD_H 1
| #define realpath rpl_realpath
| #define HAVE_GETCWD 1
| #define HAVE_DECL_CLEARERR_UNLOCKED 1
| #define HAVE_DECL_FEOF_UNLOCKED 1
| #define HAVE_DECL_FERROR_UNLOCKED 1
| /* end confdefs.h.  */
| #include <stdio.h>
| #if HAVE_SYS_TYPES_H
| # include <sys/types.h>
| #endif
| #if HAVE_SYS_STAT_H
| # include <sys/stat.h>
| #endif
| #if STDC_HEADERS
| # include <stdlib.h>
| # include <stddef.h>
| #else
| # if HAVE_STDLIB_H
| #  include <stdlib.h>
| # endif
| #endif
| #if HAVE_STRING_H
| # if !STDC_HEADERS && HAVE_MEMORY_H
| #  include <memory.h>
| # endif
| # include <string.h>
| #endif
| #if HAVE_STRINGS_H
| # include <strings.h>
| #endif
| #if HAVE_INTTYPES_H
| # include <inttypes.h>
| #else
| # if HAVE_STDINT_H
| #  include <stdint.h>
| # endif
| #endif
| #if HAVE_UNISTD_H
| # include <unistd.h>
| #endif
| int
| main ()
| {
| #ifndef fflush_unlocked
|   char *p = (char *) fflush_unlocked;
| #endif
| 
|   ;
|   return 0;
| }
configure:23817: result: no
configure:23837: checking whether fgets_unlocked is declared
configure:23862: gcc -c -g -O2  conftest.c >&5
configure: In function 'main':
configure:23938: error: 'fgets_unlocked' undeclared (first use in this function)
configure:23938: error: (Each undeclared identifier is reported only once
configure:23938: error: for each function it appears in.)
configure:23865: $? = 1
configure: failed program was:
| #line 23842 "configure"
| /* confdefs.h.  */
| 
| #define PACKAGE_NAME ""
| #define PACKAGE_TARNAME ""
| #define PACKAGE_VERSION ""
| #define PACKAGE_STRING ""
| #define PACKAGE_BUGREPORT ""
| #define PACKAGE "libiconv"
| #define VERSION "1.9"
| #define INSTALLPREFIX "/usr/local"
| #define ENABLE_RELOCATABLE 1
| #define ENABLE_EXTRA 1
| #define _GNU_SOURCE 1
| #define STDC_HEADERS 1
| #define HAVE_SYS_TYPES_H 1
| #define HAVE_SYS_STAT_H 1
| #define HAVE_STDLIB_H 1
| #define HAVE_STRING_H 1
| #define HAVE_MEMORY_H 1
| #define HAVE_STRINGS_H 1
| #define HAVE_INTTYPES_H 1
| #define HAVE_STDINT_H 1
| #define HAVE_UNISTD_H 1
| #define HAVE_DLFCN_H 1
| #ifdef __cplusplus
| #include <stdlib.h>
| #endif
| #define HAVE_ICONV 1
| #define ICONV_CONST 
| #define HAVE_ICONV 1
| #define STDC_HEADERS 1
| #define HAVE_LOCALE_H 1
| #define HAVE_STDDEF_H 1
| #define HAVE_STDLIB_H 1
| #define HAVE_STRING_H 1
| #define HAVE_STDLIB_H 1
| #define HAVE_GETC_UNLOCKED 1
| #define HAVE_MBRTOWC 1
| #define HAVE_WCRTOMB 1
| #define HAVE_MBSINIT 1
| #define HAVE_SETLOCALE 1
| #define HAVE_MEMMOVE 1
| #define HAVE_LANGINFO_CODESET 1
| #define HAVE_WCHAR_H 1
| #define WORDS_LITTLEENDIAN 1
| #define HAVE_ALLOCA_H 1
| #define HAVE_ALLOCA 1
| #define HAVE_STDLIB_H 1
| #define HAVE_STRING_H 1
| #define HAVE_SYS_PARAM_H 1
| #define HAVE_UNISTD_H 1
| #define realpath rpl_realpath
| #define HAVE_GETCWD 1
| #define HAVE_DECL_CLEARERR_UNLOCKED 1
| #define HAVE_DECL_FEOF_UNLOCKED 1
| #define HAVE_DECL_FERROR_UNLOCKED 1
| #define HAVE_DECL_FFLUSH_UNLOCKED 0
| /* end confdefs.h.  */
| #include <stdio.h>
| #if HAVE_SYS_TYPES_H
| # include <sys/types.h>
| #endif
| #if HAVE_SYS_STAT_H
| # include <sys/stat.h>
| #endif
| #if STDC_HEADERS
| # include <stdlib.h>
| # include <stddef.h>
| #else
| # if HAVE_STDLIB_H
| #  include <stdlib.h>
| # endif
| #endif
| #if HAVE_STRING_H
| # if !STDC_HEADERS && HAVE_MEMORY_H
| #  include <memory.h>
| # endif
| # include <string.h>
| #endif
| #if HAVE_STRINGS_H
| # include <strings.h>
| #endif
| #if HAVE_INTTYPES_H
| # include <inttypes.h>
| #else
| # if HAVE_STDINT_H
| #  include <stdint.h>
| # endif
| #endif
| #if HAVE_UNISTD_H
| # include <unistd.h>
| #endif
| int
| main ()
| {
| #ifndef fgets_unlocked
|   char *p = (char *) fgets_unlocked;
| #endif
| 
|   ;
|   return 0;
| }
configure:23882: result: no
configure:23902: checking whether fputc_unlocked is declared
configure:23927: gcc -c -g -O2  conftest.c >&5
configure: In function 'main':
configure:24004: error: 'fputc_unlocked' undeclared (first use in this function)
configure:24004: error: (Each undeclared identifier is reported only once
configure:24004: error: for each function it appears in.)
configure:23930: $? = 1
configure: failed program was:
| #line 23907 "configure"
| /* confdefs.h.  */
| 
| #define PACKAGE_NAME ""
| #define PACKAGE_TARNAME ""
| #define PACKAGE_VERSION ""
| #define PACKAGE_STRING ""
| #define PACKAGE_BUGREPORT ""
| #define PACKAGE "libiconv"
| #define VERSION "1.9"
| #define INSTALLPREFIX "/usr/local"
| #define ENABLE_RELOCATABLE 1
| #define ENABLE_EXTRA 1
| #define _GNU_SOURCE 1
| #define STDC_HEADERS 1
| #define HAVE_SYS_TYPES_H 1
| #define HAVE_SYS_STAT_H 1
| #define HAVE_STDLIB_H 1
| #define HAVE_STRING_H 1
| #define HAVE_MEMORY_H 1
| #define HAVE_STRINGS_H 1
| #define HAVE_INTTYPES_H 1
| #define HAVE_STDINT_H 1
| #define HAVE_UNISTD_H 1
| #define HAVE_DLFCN_H 1
| #ifdef __cplusplus
| #include <stdlib.h>
| #endif
| #define HAVE_ICONV 1
| #define ICONV_CONST 
| #define HAVE_ICONV 1
| #define STDC_HEADERS 1
| #define HAVE_LOCALE_H 1
| #define HAVE_STDDEF_H 1
| #define HAVE_STDLIB_H 1
| #define HAVE_STRING_H 1
| #define HAVE_STDLIB_H 1
| #define HAVE_GETC_UNLOCKED 1
| #define HAVE_MBRTOWC 1
| #define HAVE_WCRTOMB 1
| #define HAVE_MBSINIT 1
| #define HAVE_SETLOCALE 1
| #define HAVE_MEMMOVE 1
| #define HAVE_LANGINFO_CODESET 1
| #define HAVE_WCHAR_H 1
| #define WORDS_LITTLEENDIAN 1
| #define HAVE_ALLOCA_H 1
| #define HAVE_ALLOCA 1
| #define HAVE_STDLIB_H 1
| #define HAVE_STRING_H 1
| #define HAVE_SYS_PARAM_H 1
| #define HAVE_UNISTD_H 1
| #define realpath rpl_realpath
| #define HAVE_GETCWD 1
| #define HAVE_DECL_CLEARERR_UNLOCKED 1
| #define HAVE_DECL_FEOF_UNLOCKED 1
| #define HAVE_DECL_FERROR_UNLOCKED 1
| #define HAVE_DECL_FFLUSH_UNLOCKED 0
| #define HAVE_DECL_FGETS_UNLOCKED 0
| /* end confdefs.h.  */
| #include <stdio.h>
| #if HAVE_SYS_TYPES_H
| # include <sys/types.h>
| #endif
| #if HAVE_SYS_STAT_H
| # include <sys/stat.h>
| #endif
| #if STDC_HEADERS
| # include <stdlib.h>
| # include <stddef.h>
| #else
| # if HAVE_STDLIB_H
| #  include <stdlib.h>
| # endif
| #endif
| #if HAVE_STRING_H
| # if !STDC_HEADERS && HAVE_MEMORY_H
| #  include <memory.h>
| # endif
| # include <string.h>
| #endif
| #if HAVE_STRINGS_H
| # include <strings.h>
| #endif
| #if HAVE_INTTYPES_H
| # include <inttypes.h>
| #else
| # if HAVE_STDINT_H
| #  include <stdint.h>
| # endif
| #endif
| #if HAVE_UNISTD_H
| # include <unistd.h>
| #endif
| int
| main ()
| {
| #ifndef fputc_unlocked
|   char *p = (char *) fputc_unlocked;
| #endif
| 
|   ;
|   return 0;
| }
configure:23947: result: no
configure:23967: checking whether fputs_unlocked is declared
configure:23992: gcc -c -g -O2  conftest.c >&5
configure: In function 'main':
configure:24070: error: 'fputs_unlocked' undeclared (first use in this function)
configure:24070: error: (Each undeclared identifier is reported only once
configure:24070: error: for each function it appears in.)
configure:23995: $? = 1
configure: failed program was:
| #line 23972 "configure"
| /* confdefs.h.  */
| 
| #define PACKAGE_NAME ""
| #define PACKAGE_TARNAME ""
| #define PACKAGE_VERSION ""
| #define PACKAGE_STRING ""
| #define PACKAGE_BUGREPORT ""
| #define PACKAGE "libiconv"
| #define VERSION "1.9"
| #define INSTALLPREFIX "/usr/local"
| #define ENABLE_RELOCATABLE 1
| #define ENABLE_EXTRA 1
| #define _GNU_SOURCE 1
| #define STDC_HEADERS 1
| #define HAVE_SYS_TYPES_H 1
| #define HAVE_SYS_STAT_H 1
| #define HAVE_STDLIB_H 1
| #define HAVE_STRING_H 1
| #define HAVE_MEMORY_H 1
| #define HAVE_STRINGS_H 1
| #define HAVE_INTTYPES_H 1
| #define HAVE_STDINT_H 1
| #define HAVE_UNISTD_H 1
| #define HAVE_DLFCN_H 1
| #ifdef __cplusplus
| #include <stdlib.h>
| #endif
| #define HAVE_ICONV 1
| #define ICONV_CONST 
| #define HAVE_ICONV 1
| #define STDC_HEADERS 1
| #define HAVE_LOCALE_H 1
| #define HAVE_STDDEF_H 1
| #define HAVE_STDLIB_H 1
| #define HAVE_STRING_H 1
| #define HAVE_STDLIB_H 1
| #define HAVE_GETC_UNLOCKED 1
| #define HAVE_MBRTOWC 1
| #define HAVE_WCRTOMB 1
| #define HAVE_MBSINIT 1
| #define HAVE_SETLOCALE 1
| #define HAVE_MEMMOVE 1
| #define HAVE_LANGINFO_CODESET 1
| #define HAVE_WCHAR_H 1
| #define WORDS_LITTLEENDIAN 1
| #define HAVE_ALLOCA_H 1
| #define HAVE_ALLOCA 1
| #define HAVE_STDLIB_H 1
| #define HAVE_STRING_H 1
| #define HAVE_SYS_PARAM_H 1
| #define HAVE_UNISTD_H 1
| #define realpath rpl_realpath
| #define HAVE_GETCWD 1
| #define HAVE_DECL_CLEARERR_UNLOCKED 1
| #define HAVE_DECL_FEOF_UNLOCKED 1
| #define HAVE_DECL_FERROR_UNLOCKED 1
| #define HAVE_DECL_FFLUSH_UNLOCKED 0
| #define HAVE_DECL_FGETS_UNLOCKED 0
| #define HAVE_DECL_FPUTC_UNLOCKED 0
| /* end confdefs.h.  */
| #include <stdio.h>
| #if HAVE_SYS_TYPES_H
| # include <sys/types.h>
| #endif
| #if HAVE_SYS_STAT_H
| # include <sys/stat.h>
| #endif
| #if STDC_HEADERS
| # include <stdlib.h>
| # include <stddef.h>
| #else
| # if HAVE_STDLIB_H
| #  include <stdlib.h>
| # endif
| #endif
| #if HAVE_STRING_H
| # if !STDC_HEADERS && HAVE_MEMORY_H
| #  include <memory.h>
| # endif
| # include <string.h>
| #endif
| #if HAVE_STRINGS_H
| # include <strings.h>
| #endif
| #if HAVE_INTTYPES_H
| # include <inttypes.h>
| #else
| # if HAVE_STDINT_H
| #  include <stdint.h>
| # endif
| #endif
| #if HAVE_UNISTD_H
| # include <unistd.h>
| #endif
| int
| main ()
| {
| #ifndef fputs_unlocked
|   char *p = (char *) fputs_unlocked;
| #endif
| 
|   ;
|   return 0;
| }
configure:24012: result: no
configure:24032: checking whether fread_unlocked is declared
configure:24057: gcc -c -g -O2  conftest.c >&5
configure: In function 'main':
configure:24136: error: 'fread_unlocked' undeclared (first use in this function)
configure:24136: error: (Each undeclared identifier is reported only once
configure:24136: error: for each function it appears in.)
configure:24060: $? = 1
configure: failed program was:
| #line 24037 "configure"
| /* confdefs.h.  */
| 
| #define PACKAGE_NAME ""
| #define PACKAGE_TARNAME ""
| #define PACKAGE_VERSION ""
| #define PACKAGE_STRING ""
| #define PACKAGE_BUGREPORT ""
| #define PACKAGE "libiconv"
| #define VERSION "1.9"
| #define INSTALLPREFIX "/usr/local"
| #define ENABLE_RELOCATABLE 1
| #define ENABLE_EXTRA 1
| #define _GNU_SOURCE 1
| #define STDC_HEADERS 1
| #define HAVE_SYS_TYPES_H 1
| #define HAVE_SYS_STAT_H 1
| #define HAVE_STDLIB_H 1
| #define HAVE_STRING_H 1
| #define HAVE_MEMORY_H 1
| #define HAVE_STRINGS_H 1
| #define HAVE_INTTYPES_H 1
| #define HAVE_STDINT_H 1
| #define HAVE_UNISTD_H 1
| #define HAVE_DLFCN_H 1
| #ifdef __cplusplus
| #include <stdlib.h>
| #endif
| #define HAVE_ICONV 1
| #define ICONV_CONST 
| #define HAVE_ICONV 1
| #define STDC_HEADERS 1
| #define HAVE_LOCALE_H 1
| #define HAVE_STDDEF_H 1
| #define HAVE_STDLIB_H 1
| #define HAVE_STRING_H 1
| #define HAVE_STDLIB_H 1
| #define HAVE_GETC_UNLOCKED 1
| #define HAVE_MBRTOWC 1
| #define HAVE_WCRTOMB 1
| #define HAVE_MBSINIT 1
| #define HAVE_SETLOCALE 1
| #define HAVE_MEMMOVE 1
| #define HAVE_LANGINFO_CODESET 1
| #define HAVE_WCHAR_H 1
| #define WORDS_LITTLEENDIAN 1
| #define HAVE_ALLOCA_H 1
| #define HAVE_ALLOCA 1
| #define HAVE_STDLIB_H 1
| #define HAVE_STRING_H 1
| #define HAVE_SYS_PARAM_H 1
| #define HAVE_UNISTD_H 1
| #define realpath rpl_realpath
| #define HAVE_GETCWD 1
| #define HAVE_DECL_CLEARERR_UNLOCKED 1
| #define HAVE_DECL_FEOF_UNLOCKED 1
| #define HAVE_DECL_FERROR_UNLOCKED 1
| #define HAVE_DECL_FFLUSH_UNLOCKED 0
| #define HAVE_DECL_FGETS_UNLOCKED 0
| #define HAVE_DECL_FPUTC_UNLOCKED 0
| #define HAVE_DECL_FPUTS_UNLOCKED 0
| /* end confdefs.h.  */
| #include <stdio.h>
| #if HAVE_SYS_TYPES_H
| # include <sys/types.h>
| #endif
| #if HAVE_SYS_STAT_H
| # include <sys/stat.h>
| #endif
| #if STDC_HEADERS
| # include <stdlib.h>
| # include <stddef.h>
| #else
| # if HAVE_STDLIB_H
| #  include <stdlib.h>
| # endif
| #endif
| #if HAVE_STRING_H
| # if !STDC_HEADERS && HAVE_MEMORY_H
| #  include <memory.h>
| # endif
| # include <string.h>
| #endif
| #if HAVE_STRINGS_H
| # include <strings.h>
| #endif
| #if HAVE_INTTYPES_H
| # include <inttypes.h>
| #else
| # if HAVE_STDINT_H
| #  include <stdint.h>
| # endif
| #endif
| #if HAVE_UNISTD_H
| # include <unistd.h>
| #endif
| int
| main ()
| {
| #ifndef fread_unlocked
|   char *p = (char *) fread_unlocked;
| #endif
| 
|   ;
|   return 0;
| }
configure:24077: result: no
configure:24097: checking whether fwrite_unlocked is declared
configure:24122: gcc -c -g -O2  conftest.c >&5
configure: In function 'main':
configure:24202: error: 'fwrite_unlocked' undeclared (first use in this function)
configure:24202: error: (Each undeclared identifier is reported only once
configure:24202: error: for each function it appears in.)
configure:24125: $? = 1
configure: failed program was:
| #line 24102 "configure"
| /* confdefs.h.  */
| 
| #define PACKAGE_NAME ""
| #define PACKAGE_TARNAME ""
| #define PACKAGE_VERSION ""
| #define PACKAGE_STRING ""
| #define PACKAGE_BUGREPORT ""
| #define PACKAGE "libiconv"
| #define VERSION "1.9"
| #define INSTALLPREFIX "/usr/local"
| #define ENABLE_RELOCATABLE 1
| #define ENABLE_EXTRA 1
| #define _GNU_SOURCE 1
| #define STDC_HEADERS 1
| #define HAVE_SYS_TYPES_H 1
| #define HAVE_SYS_STAT_H 1
| #define HAVE_STDLIB_H 1
| #define HAVE_STRING_H 1
| #define HAVE_MEMORY_H 1
| #define HAVE_STRINGS_H 1
| #define HAVE_INTTYPES_H 1
| #define HAVE_STDINT_H 1
| #define HAVE_UNISTD_H 1
| #define HAVE_DLFCN_H 1
| #ifdef __cplusplus
| #include <stdlib.h>
| #endif
| #define HAVE_ICONV 1
| #define ICONV_CONST 
| #define HAVE_ICONV 1
| #define STDC_HEADERS 1
| #define HAVE_LOCALE_H 1
| #define HAVE_STDDEF_H 1
| #define HAVE_STDLIB_H 1
| #define HAVE_STRING_H 1
| #define HAVE_STDLIB_H 1
| #define HAVE_GETC_UNLOCKED 1
| #define HAVE_MBRTOWC 1
| #define HAVE_WCRTOMB 1
| #define HAVE_MBSINIT 1
| #define HAVE_SETLOCALE 1
| #define HAVE_MEMMOVE 1
| #define HAVE_LANGINFO_CODESET 1
| #define HAVE_WCHAR_H 1
| #define WORDS_LITTLEENDIAN 1
| #define HAVE_ALLOCA_H 1
| #define HAVE_ALLOCA 1
| #define HAVE_STDLIB_H 1
| #define HAVE_STRING_H 1
| #define HAVE_SYS_PARAM_H 1
| #define HAVE_UNISTD_H 1
| #define realpath rpl_realpath
| #define HAVE_GETCWD 1
| #define HAVE_DECL_CLEARERR_UNLOCKED 1
| #define HAVE_DECL_FEOF_UNLOCKED 1
| #define HAVE_DECL_FERROR_UNLOCKED 1
| #define HAVE_DECL_FFLUSH_UNLOCKED 0
| #define HAVE_DECL_FGETS_UNLOCKED 0
| #define HAVE_DECL_FPUTC_UNLOCKED 0
| #define HAVE_DECL_FPUTS_UNLOCKED 0
| #define HAVE_DECL_FREAD_UNLOCKED 0
| /* end confdefs.h.  */
| #include <stdio.h>
| #if HAVE_SYS_TYPES_H
| # include <sys/types.h>
| #endif
| #if HAVE_SYS_STAT_H
| # include <sys/stat.h>
| #endif
| #if STDC_HEADERS
| # include <stdlib.h>
| # include <stddef.h>
| #else
| # if HAVE_STDLIB_H
| #  include <stdlib.h>
| # endif
| #endif
| #if HAVE_STRING_H
| # if !STDC_HEADERS && HAVE_MEMORY_H
| #  include <memory.h>
| # endif
| # include <string.h>
| #endif
| #if HAVE_STRINGS_H
| # include <strings.h>
| #endif
| #if HAVE_INTTYPES_H
| # include <inttypes.h>
| #else
| # if HAVE_STDINT_H
| #  include <stdint.h>
| # endif
| #endif
| #if HAVE_UNISTD_H
| # include <unistd.h>
| #endif
| int
| main ()
| {
| #ifndef fwrite_unlocked
|   char *p = (char *) fwrite_unlocked;
| #endif
| 
|   ;
|   return 0;
| }
configure:24142: result: no
configure:24162: checking whether getc_unlocked is declared
configure:24187: gcc -c -g -O2  conftest.c >&5
configure:24190: $? = 0
configure:24193: test -s conftest.o
configure:24196: $? = 0
configure:24207: result: yes
configure:24227: checking whether getchar_unlocked is declared
configure:24252: gcc -c -g -O2  conftest.c >&5
configure:24255: $? = 0
configure:24258: test -s conftest.o
configure:24261: $? = 0
configure:24272: result: yes
configure:24292: checking whether putc_unlocked is declared
configure:24317: gcc -c -g -O2  conftest.c >&5
configure:24320: $? = 0
configure:24323: test -s conftest.o
configure:24326: $? = 0
configure:24337: result: yes
configure:24357: checking whether putchar_unlocked is declared
configure:24382: gcc -c -g -O2  conftest.c >&5
configure:24385: $? = 0
configure:24388: test -s conftest.o
configure:24391: $? = 0
configure:24402: result: yes
configure:24472: checking for vprintf
configure:24522: gcc -o conftest -g -O2   conftest.c  >&5
configure:24560: warning: conflicting types for built-in function 'vprintf'
configure:24525: $? = 0
configure:24528: test -s conftest
configure:24531: $? = 0
configure:24542: result: yes
configure:24549: checking for _doprnt
configure:24599: gcc -o conftest -g -O2   conftest.c  >&5
Undefined symbols for architecture x86_64:
  "__doprnt", referenced from:
      _main in cc8uXdQj.o
      _f in cc8uXdQj.o
ld: symbol(s) not found for architecture x86_64
collect2: ld returned 1 exit status
configure:24602: $? = 1
configure: failed program was:
| #line 24554 "configure"
| /* confdefs.h.  */
| 
| #define PACKAGE_NAME ""
| #define PACKAGE_TARNAME ""
| #define PACKAGE_VERSION ""
| #define PACKAGE_STRING ""
| #define PACKAGE_BUGREPORT ""
| #define PACKAGE "libiconv"
| #define VERSION "1.9"
| #define INSTALLPREFIX "/usr/local"
| #define ENABLE_RELOCATABLE 1
| #define ENABLE_EXTRA 1
| #define _GNU_SOURCE 1
| #define STDC_HEADERS 1
| #define HAVE_SYS_TYPES_H 1
| #define HAVE_SYS_STAT_H 1
| #define HAVE_STDLIB_H 1
| #define HAVE_STRING_H 1
| #define HAVE_MEMORY_H 1
| #define HAVE_STRINGS_H 1
| #define HAVE_INTTYPES_H 1
| #define HAVE_STDINT_H 1
| #define HAVE_UNISTD_H 1
| #define HAVE_DLFCN_H 1
| #ifdef __cplusplus
| #include <stdlib.h>
| #endif
| #define HAVE_ICONV 1
| #define ICONV_CONST 
| #define HAVE_ICONV 1
| #define STDC_HEADERS 1
| #define HAVE_LOCALE_H 1
| #define HAVE_STDDEF_H 1
| #define HAVE_STDLIB_H 1
| #define HAVE_STRING_H 1
| #define HAVE_STDLIB_H 1
| #define HAVE_GETC_UNLOCKED 1
| #define HAVE_MBRTOWC 1
| #define HAVE_WCRTOMB 1
| #define HAVE_MBSINIT 1
| #define HAVE_SETLOCALE 1
| #define HAVE_MEMMOVE 1
| #define HAVE_LANGINFO_CODESET 1
| #define HAVE_WCHAR_H 1
| #define WORDS_LITTLEENDIAN 1
| #define HAVE_ALLOCA_H 1
| #define HAVE_ALLOCA 1
| #define HAVE_STDLIB_H 1
| #define HAVE_STRING_H 1
| #define HAVE_SYS_PARAM_H 1
| #define HAVE_UNISTD_H 1
| #define realpath rpl_realpath
| #define HAVE_GETCWD 1
| #define HAVE_DECL_CLEARERR_UNLOCKED 1
| #define HAVE_DECL_FEOF_UNLOCKED 1
| #define HAVE_DECL_FERROR_UNLOCKED 1
| #define HAVE_DECL_FFLUSH_UNLOCKED 0
| #define HAVE_DECL_FGETS_UNLOCKED 0
| #define HAVE_DECL_FPUTC_UNLOCKED 0
| #define HAVE_DECL_FPUTS_UNLOCKED 0
| #define HAVE_DECL_FREAD_UNLOCKED 0
| #define HAVE_DECL_FWRITE_UNLOCKED 0
| #define HAVE_DECL_GETC_UNLOCKED 1
| #define HAVE_DECL_GETCHAR_UNLOCKED 1
| #define HAVE_DECL_PUTC_UNLOCKED 1
| #define HAVE_DECL_PUTCHAR_UNLOCKED 1
| #define HAVE_VPRINTF 1
| /* end confdefs.h.  */
| /* System header to define __stub macros and hopefully few prototypes,
|     which can conflict with char _doprnt (); below.
|     Prefer <limits.h> to <assert.h> if __STDC__ is defined, since
|     <limits.h> exists even on freestanding compilers.  */
| #ifdef __STDC__
| # include <limits.h>
| #else
| # include <assert.h>
| #endif
| /* Override any gcc2 internal prototype to avoid an error.  */
| #ifdef __cplusplus
| extern "C"
| {
| #endif
| /* We use char because int might match the return type of a gcc2
|    builtin and then its argument prototype would still apply.  */
| char _doprnt ();
| /* The GNU C library defines this for functions which it implements
|     to always fail with ENOSYS.  Some functions are actually named
|     something starting with __ and the normal name is an alias.  */
| #if defined (__stub__doprnt) || defined (__stub____doprnt)
| choke me
| #else
| char (*f) () = _doprnt;
| #endif
| #ifdef __cplusplus
| }
| #endif
| 
| int
| main ()
| {
| return f != _doprnt;
|   ;
|   return 0;
| }
configure:24619: result: no
configure:24634: checking for error_at_line
configure:24656: gcc -o conftest -g -O2   conftest.c  >&5
Undefined symbols for architecture x86_64:
  "_error_at_line", referenced from:
      _main in ccLGZ6U2.o
ld: symbol(s) not found for architecture x86_64
collect2: ld returned 1 exit status
configure:24659: $? = 1
configure: failed program was:
| #line 24639 "configure"
| /* confdefs.h.  */
| 
| #define PACKAGE_NAME ""
| #define PACKAGE_TARNAME ""
| #define PACKAGE_VERSION ""
| #define PACKAGE_STRING ""
| #define PACKAGE_BUGREPORT ""
| #define PACKAGE "libiconv"
| #define VERSION "1.9"
| #define INSTALLPREFIX "/usr/local"
| #define ENABLE_RELOCATABLE 1
| #define ENABLE_EXTRA 1
| #define _GNU_SOURCE 1
| #define STDC_HEADERS 1
| #define HAVE_SYS_TYPES_H 1
| #define HAVE_SYS_STAT_H 1
| #define HAVE_STDLIB_H 1
| #define HAVE_STRING_H 1
| #define HAVE_MEMORY_H 1
| #define HAVE_STRINGS_H 1
| #define HAVE_INTTYPES_H 1
| #define HAVE_STDINT_H 1
| #define HAVE_UNISTD_H 1
| #define HAVE_DLFCN_H 1
| #ifdef __cplusplus
| #include <stdlib.h>
| #endif
| #define HAVE_ICONV 1
| #define ICONV_CONST 
| #define HAVE_ICONV 1
| #define STDC_HEADERS 1
| #define HAVE_LOCALE_H 1
| #define HAVE_STDDEF_H 1
| #define HAVE_STDLIB_H 1
| #define HAVE_STRING_H 1
| #define HAVE_STDLIB_H 1
| #define HAVE_GETC_UNLOCKED 1
| #define HAVE_MBRTOWC 1
| #define HAVE_WCRTOMB 1
| #define HAVE_MBSINIT 1
| #define HAVE_SETLOCALE 1
| #define HAVE_MEMMOVE 1
| #define HAVE_LANGINFO_CODESET 1
| #define HAVE_WCHAR_H 1
| #define WORDS_LITTLEENDIAN 1
| #define HAVE_ALLOCA_H 1
| #define HAVE_ALLOCA 1
| #define HAVE_STDLIB_H 1
| #define HAVE_STRING_H 1
| #define HAVE_SYS_PARAM_H 1
| #define HAVE_UNISTD_H 1
| #define realpath rpl_realpath
| #define HAVE_GETCWD 1
| #define HAVE_DECL_CLEARERR_UNLOCKED 1
| #define HAVE_DECL_FEOF_UNLOCKED 1
| #define HAVE_DECL_FERROR_UNLOCKED 1
| #define HAVE_DECL_FFLUSH_UNLOCKED 0
| #define HAVE_DECL_FGETS_UNLOCKED 0
| #define HAVE_DECL_FPUTC_UNLOCKED 0
| #define HAVE_DECL_FPUTS_UNLOCKED 0
| #define HAVE_DECL_FREAD_UNLOCKED 0
| #define HAVE_DECL_FWRITE_UNLOCKED 0
| #define HAVE_DECL_GETC_UNLOCKED 1
| #define HAVE_DECL_GETCHAR_UNLOCKED 1
| #define HAVE_DECL_PUTC_UNLOCKED 1
| #define HAVE_DECL_PUTCHAR_UNLOCKED 1
| #define HAVE_VPRINTF 1
| /* end confdefs.h.  */
| 
| int
| main ()
| {
| error_at_line(0, 0, "", 0, "");
|   ;
|   return 0;
| }
configure:24676: result: no
configure:24692: checking for strerror
configure:24742: gcc -o conftest -g -O2   conftest.c  >&5
configure:24745: $? = 0
configure:24748: test -s conftest
configure:24751: $? = 0
configure:24762: result: yes
configure:24772: checking whether strerror is declared
configure:24797: gcc -c -g -O2  conftest.c >&5
configure:24800: $? = 0
configure:24803: test -s conftest.o
configure:24806: $? = 0
configure:24817: result: yes
configure:24835: checking whether strerror_r is declared
configure:24860: gcc -c -g -O2  conftest.c >&5
configure:24863: $? = 0
configure:24866: test -s conftest.o
configure:24869: $? = 0
configure:24880: result: yes
configure:24902: checking for strerror_r
configure:24952: gcc -o conftest -g -O2   conftest.c  >&5
configure:24955: $? = 0
configure:24958: test -s conftest
configure:24961: $? = 0
configure:24972: result: yes
configure:24982: checking whether strerror_r returns char *
configure:25011: gcc -c -g -O2  conftest.c >&5
configure: In function 'main':
configure:25101: error: invalid type argument of 'unary *'
configure:25102: warning: initialization makes pointer from integer without a cast
configure:25014: $? = 1
configure: failed program was:
| #line 24990 "configure"
| /* confdefs.h.  */
| 
| #define PACKAGE_NAME ""
| #define PACKAGE_TARNAME ""
| #define PACKAGE_VERSION ""
| #define PACKAGE_STRING ""
| #define PACKAGE_BUGREPORT ""
| #define PACKAGE "libiconv"
| #define VERSION "1.9"
| #define INSTALLPREFIX "/usr/local"
| #define ENABLE_RELOCATABLE 1
| #define ENABLE_EXTRA 1
| #define _GNU_SOURCE 1
| #define STDC_HEADERS 1
| #define HAVE_SYS_TYPES_H 1
| #define HAVE_SYS_STAT_H 1
| #define HAVE_STDLIB_H 1
| #define HAVE_STRING_H 1
| #define HAVE_MEMORY_H 1
| #define HAVE_STRINGS_H 1
| #define HAVE_INTTYPES_H 1
| #define HAVE_STDINT_H 1
| #define HAVE_UNISTD_H 1
| #define HAVE_DLFCN_H 1
| #ifdef __cplusplus
| #include <stdlib.h>
| #endif
| #define HAVE_ICONV 1
| #define ICONV_CONST 
| #define HAVE_ICONV 1
| #define STDC_HEADERS 1
| #define HAVE_LOCALE_H 1
| #define HAVE_STDDEF_H 1
| #define HAVE_STDLIB_H 1
| #define HAVE_STRING_H 1
| #define HAVE_STDLIB_H 1
| #define HAVE_GETC_UNLOCKED 1
| #define HAVE_MBRTOWC 1
| #define HAVE_WCRTOMB 1
| #define HAVE_MBSINIT 1
| #define HAVE_SETLOCALE 1
| #define HAVE_MEMMOVE 1
| #define HAVE_LANGINFO_CODESET 1
| #define HAVE_WCHAR_H 1
| #define WORDS_LITTLEENDIAN 1
| #define HAVE_ALLOCA_H 1
| #define HAVE_ALLOCA 1
| #define HAVE_STDLIB_H 1
| #define HAVE_STRING_H 1
| #define HAVE_SYS_PARAM_H 1
| #define HAVE_UNISTD_H 1
| #define realpath rpl_realpath
| #define HAVE_GETCWD 1
| #define HAVE_DECL_CLEARERR_UNLOCKED 1
| #define HAVE_DECL_FEOF_UNLOCKED 1
| #define HAVE_DECL_FERROR_UNLOCKED 1
| #define HAVE_DECL_FFLUSH_UNLOCKED 0
| #define HAVE_DECL_FGETS_UNLOCKED 0
| #define HAVE_DECL_FPUTC_UNLOCKED 0
| #define HAVE_DECL_FPUTS_UNLOCKED 0
| #define HAVE_DECL_FREAD_UNLOCKED 0
| #define HAVE_DECL_FWRITE_UNLOCKED 0
| #define HAVE_DECL_GETC_UNLOCKED 1
| #define HAVE_DECL_GETCHAR_UNLOCKED 1
| #define HAVE_DECL_PUTC_UNLOCKED 1
| #define HAVE_DECL_PUTCHAR_UNLOCKED 1
| #define HAVE_VPRINTF 1
| #define HAVE_STRERROR 1
| #define HAVE_DECL_STRERROR 1
| #define HAVE_DECL_STRERROR_R 1
| #define HAVE_STRERROR_R 1
| /* end confdefs.h.  */
| #include <stdio.h>
| #if HAVE_SYS_TYPES_H
| # include <sys/types.h>
| #endif
| #if HAVE_SYS_STAT_H
| # include <sys/stat.h>
| #endif
| #if STDC_HEADERS
| # include <stdlib.h>
| # include <stddef.h>
| #else
| # if HAVE_STDLIB_H
| #  include <stdlib.h>
| # endif
| #endif
| #if HAVE_STRING_H
| # if !STDC_HEADERS && HAVE_MEMORY_H
| #  include <memory.h>
| # endif
| # include <string.h>
| #endif
| #if HAVE_STRINGS_H
| # include <strings.h>
| #endif
| #if HAVE_INTTYPES_H
| # include <inttypes.h>
| #else
| # if HAVE_STDINT_H
| #  include <stdint.h>
| # endif
| #endif
| #if HAVE_UNISTD_H
| # include <unistd.h>
| #endif
| int
| main ()
| {
| 
| 	  char buf[100];
| 	  char x = *strerror_r (0, buf, sizeof buf);
| 	  char *p = strerror_r (0, buf, sizeof buf);
| 
|   ;
|   return 0;
| }
configure:25081: result: no
configure:25109: checking limits.h usability
configure:25122: gcc -c -g -O2  conftest.c >&5
configure:25125: $? = 0
configure:25128: test -s conftest.o
configure:25131: $? = 0
configure:25141: result: yes
configure:25145: checking limits.h presence
configure:25156: gcc -E  conftest.c
configure:25162: $? = 0
configure:25181: result: yes
configure:25217: checking for limits.h
configure:25224: result: yes
configure:25259: checking for setenv
configure:25309: gcc -o conftest -g -O2   conftest.c  >&5
configure:25312: $? = 0
configure:25315: test -s conftest
configure:25318: $? = 0
configure:25329: result: yes
configure:25259: checking for unsetenv
configure:25309: gcc -o conftest -g -O2   conftest.c  >&5
configure:25312: $? = 0
configure:25315: test -s conftest
configure:25318: $? = 0
configure:25329: result: yes
configure:25359: checking search.h usability
configure:25372: gcc -c -g -O2  conftest.c >&5
configure:25375: $? = 0
configure:25378: test -s conftest.o
configure:25381: $? = 0
configure:25391: result: yes
configure:25395: checking search.h presence
configure:25406: gcc -E  conftest.c
configure:25412: $? = 0
configure:25431: result: yes
configure:25467: checking for search.h
configure:25474: result: yes
configure:25350: checking for stdlib.h
configure:25355: result: yes
configure:25350: checking for string.h
configure:25355: result: yes
configure:25350: checking for unistd.h
configure:25355: result: yes
configure:25491: checking for tsearch
configure:25541: gcc -o conftest -g -O2   conftest.c  >&5
configure:25544: $? = 0
configure:25547: test -s conftest
configure:25550: $? = 0
configure:25561: result: yes
configure:25573: checking if errno is properly declared
configure:25597: gcc -c -g -O2  conftest.c >&5
configure:25660: error: conflicting types for '__error'
/usr/include/sys/errno.h:75: error: previous declaration of '__error' was here
configure:25600: $? = 1
configure: failed program was:
| #line 25579 "configure"
| /* confdefs.h.  */
| 
| #define PACKAGE_NAME ""
| #define PACKAGE_TARNAME ""
| #define PACKAGE_VERSION ""
| #define PACKAGE_STRING ""
| #define PACKAGE_BUGREPORT ""
| #define PACKAGE "libiconv"
| #define VERSION "1.9"
| #define INSTALLPREFIX "/usr/local"
| #define ENABLE_RELOCATABLE 1
| #define ENABLE_EXTRA 1
| #define _GNU_SOURCE 1
| #define STDC_HEADERS 1
| #define HAVE_SYS_TYPES_H 1
| #define HAVE_SYS_STAT_H 1
| #define HAVE_STDLIB_H 1
| #define HAVE_STRING_H 1
| #define HAVE_MEMORY_H 1
| #define HAVE_STRINGS_H 1
| #define HAVE_INTTYPES_H 1
| #define HAVE_STDINT_H 1
| #define HAVE_UNISTD_H 1
| #define HAVE_DLFCN_H 1
| #ifdef __cplusplus
| #include <stdlib.h>
| #endif
| #define HAVE_ICONV 1
| #define ICONV_CONST 
| #define HAVE_ICONV 1
| #define STDC_HEADERS 1
| #define HAVE_LOCALE_H 1
| #define HAVE_STDDEF_H 1
| #define HAVE_STDLIB_H 1
| #define HAVE_STRING_H 1
| #define HAVE_STDLIB_H 1
| #define HAVE_GETC_UNLOCKED 1
| #define HAVE_MBRTOWC 1
| #define HAVE_WCRTOMB 1
| #define HAVE_MBSINIT 1
| #define HAVE_SETLOCALE 1
| #define HAVE_MEMMOVE 1
| #define HAVE_LANGINFO_CODESET 1
| #define HAVE_WCHAR_H 1
| #define WORDS_LITTLEENDIAN 1
| #define HAVE_ALLOCA_H 1
| #define HAVE_ALLOCA 1
| #define HAVE_STDLIB_H 1
| #define HAVE_STRING_H 1
| #define HAVE_SYS_PARAM_H 1
| #define HAVE_UNISTD_H 1
| #define realpath rpl_realpath
| #define HAVE_GETCWD 1
| #define HAVE_DECL_CLEARERR_UNLOCKED 1
| #define HAVE_DECL_FEOF_UNLOCKED 1
| #define HAVE_DECL_FERROR_UNLOCKED 1
| #define HAVE_DECL_FFLUSH_UNLOCKED 0
| #define HAVE_DECL_FGETS_UNLOCKED 0
| #define HAVE_DECL_FPUTC_UNLOCKED 0
| #define HAVE_DECL_FPUTS_UNLOCKED 0
| #define HAVE_DECL_FREAD_UNLOCKED 0
| #define HAVE_DECL_FWRITE_UNLOCKED 0
| #define HAVE_DECL_GETC_UNLOCKED 1
| #define HAVE_DECL_GETCHAR_UNLOCKED 1
| #define HAVE_DECL_PUTC_UNLOCKED 1
| #define HAVE_DECL_PUTCHAR_UNLOCKED 1
| #define HAVE_VPRINTF 1
| #define HAVE_STRERROR 1
| #define HAVE_DECL_STRERROR 1
| #define HAVE_DECL_STRERROR_R 1
| #define HAVE_STRERROR_R 1
| #define HAVE_LIMITS_H 1
| #define HAVE_SETENV 1
| #define HAVE_UNSETENV 1
| #define HAVE_SEARCH_H 1
| #define HAVE_STDLIB_H 1
| #define HAVE_STRING_H 1
| #define HAVE_UNISTD_H 1
| #define HAVE_TSEARCH 1
| /* end confdefs.h.  */
| #include <errno.h>
|       extern struct { int foo; } errno;
| int
| main ()
| {
| errno.foo = 1;
|   ;
|   return 0;
| }
configure:25618: result: yes
configure:25630: checking if environ is properly declared
configure:25654: gcc -c -g -O2  conftest.c >&5
configure:25657: $? = 0
configure:25660: test -s conftest.o
configure:25663: $? = 0
configure:25675: result: no
configure:25686: checking for stdbool.h
configure:25720: gcc -c -g -O2  conftest.c >&5
configure:25723: $? = 0
configure:25726: test -s conftest.o
configure:25729: $? = 0
configure:25741: result: yes
configure:25812: checking for strerror
configure:25882: result: yes
configure:25907: checking for sys/types.h
configure:25912: result: yes
configure:26213: creating ./config.status

## ---------------------- ##
## Running config.status. ##
## ---------------------- ##

This file was extended by config.status, which was
generated by GNU Autoconf 2.57.  Invocation command line was

  CONFIG_FILES    = 
  CONFIG_HEADERS  = 
  CONFIG_LINKS    = 
  CONFIG_COMMANDS = 
  $ ./config.status 

on kodzutsumi-no-MacBook-Pro.local

config.status:728: creating Makefile
config.status:728: creating lib/Makefile
config.status:728: creating srclib/Makefile
config.status:728: creating src/Makefile
config.status:728: creating po/Makefile.in
config.status:728: creating man/Makefile
config.status:728: creating tests/Makefile
config.status:728: creating include/iconv.h
config.status:832: creating config.h
config.status:832: creating lib/config.h
config.status:1217: executing depfiles commands
config.status:1217: executing default-1 commands
configure:27631: configuring in libcharset
configure:27715: running /bin/sh './configure' --prefix=/usr/local  '--disable-shared' '--enable-static' '--enable-relocatable' '--enable-extra-encodings' --cache-file=/dev/null --srcdir=.

## ---------------- ##
## Cache variables. ##
## ---------------- ##

ac_cv_build=i686-apple-darwin11.2.0
ac_cv_build_alias=i686-apple-darwin11.2.0
ac_cv_c_compiler_gnu=yes
ac_cv_cxx_compiler_gnu=yes
ac_cv_decl_EILSEQ=yes
ac_cv_env_CC_set=
ac_cv_env_CC_value=
ac_cv_env_CFLAGS_set=
ac_cv_env_CFLAGS_value=
ac_cv_env_CPPFLAGS_set=
ac_cv_env_CPPFLAGS_value=
ac_cv_env_CPP_set=
ac_cv_env_CPP_value=
ac_cv_env_CXXCPP_set=
ac_cv_env_CXXCPP_value=
ac_cv_env_CXXFLAGS_set=
ac_cv_env_CXXFLAGS_value=
ac_cv_env_CXX_set=
ac_cv_env_CXX_value=
ac_cv_env_F77_set=
ac_cv_env_F77_value=
ac_cv_env_FFLAGS_set=
ac_cv_env_FFLAGS_value=
ac_cv_env_LDFLAGS_set=
ac_cv_env_LDFLAGS_value=
ac_cv_env_build_alias_set=
ac_cv_env_build_alias_value=
ac_cv_env_host_alias_set=
ac_cv_env_host_alias_value=
ac_cv_env_target_alias_set=
ac_cv_env_target_alias_value=
ac_cv_exeext=
ac_cv_f77_compiler_gnu=no
ac_cv_func__doprnt=no
ac_cv_func_alloca_works=yes
ac_cv_func_canonicalize_file_name=no
ac_cv_func_getc_unlocked=yes
ac_cv_func_getcwd=yes
ac_cv_func_mbrtowc=yes
ac_cv_func_mbsinit=yes
ac_cv_func_memmove=yes
ac_cv_func_setenv=yes
ac_cv_func_setlocale=yes
ac_cv_func_strerror=yes
ac_cv_func_strerror_r=yes
ac_cv_func_strerror_r_char_p=no
ac_cv_func_tsearch=yes
ac_cv_func_unsetenv=yes
ac_cv_func_vprintf=yes
ac_cv_func_wcrtomb=yes
ac_cv_have_decl_clearerr_unlocked=yes
ac_cv_have_decl_feof_unlocked=yes
ac_cv_have_decl_ferror_unlocked=yes
ac_cv_have_decl_fflush_unlocked=no
ac_cv_have_decl_fgets_unlocked=no
ac_cv_have_decl_fputc_unlocked=no
ac_cv_have_decl_fputs_unlocked=no
ac_cv_have_decl_fread_unlocked=no
ac_cv_have_decl_fwrite_unlocked=no
ac_cv_have_decl_getc_unlocked=yes
ac_cv_have_decl_getchar_unlocked=yes
ac_cv_have_decl_putc_unlocked=yes
ac_cv_have_decl_putchar_unlocked=yes
ac_cv_have_decl_strerror=yes
ac_cv_have_decl_strerror_r=yes
ac_cv_header_dlfcn_h=yes
ac_cv_header_inttypes_h=yes
ac_cv_header_limits_h=yes
ac_cv_header_locale_h=yes
ac_cv_header_memory_h=yes
ac_cv_header_minix_config_h=no
ac_cv_header_search_h=yes
ac_cv_header_stdc=yes
ac_cv_header_stddef_h=yes
ac_cv_header_stdint_h=yes
ac_cv_header_stdlib_h=yes
ac_cv_header_string_h=yes
ac_cv_header_strings_h=yes
ac_cv_header_sys_param_h=yes
ac_cv_header_sys_stat_h=yes
ac_cv_header_sys_types_h=yes
ac_cv_header_unistd_h=yes
ac_cv_header_wchar_h=yes
ac_cv_host=i686-apple-darwin11.2.0
ac_cv_host_alias=i686-apple-darwin11.2.0
ac_cv_lib_cposix_strerror=no
ac_cv_objext=o
ac_cv_path_GMSGFMT=/opt/local/bin/msgfmt
ac_cv_path_MSGFMT=/opt/local/bin/msgfmt
ac_cv_path_MSGMERGE=/opt/local/bin/msgmerge
ac_cv_path_XGETTEXT=/opt/local/bin/xgettext
ac_cv_path_install='/usr/bin/install -c'
ac_cv_prog_AWK=gawk
ac_cv_prog_CPP='gcc -E'
ac_cv_prog_CXXCPP='g++ -E'
ac_cv_prog_ac_ct_AR=ar
ac_cv_prog_ac_ct_CC=gcc
ac_cv_prog_ac_ct_CXX=g++
ac_cv_prog_ac_ct_RANLIB=ranlib
ac_cv_prog_ac_ct_STRIP=strip
ac_cv_prog_cc_g=yes
ac_cv_prog_cc_stdc=
ac_cv_prog_cxx_g=yes
ac_cv_prog_egrep='grep -E'
ac_cv_prog_f77_g=no
ac_cv_prog_gcc_traditional=no
ac_cv_prog_make_make_set=yes
ac_cv_type_mbstate_t=yes
ac_cv_working_alloca_h=yes
acl_cv_hardcode_direct=no
acl_cv_hardcode_libdir_flag_spec=
acl_cv_hardcode_libdir_separator=
acl_cv_hardcode_minus_L=no
acl_cv_libext=a
acl_cv_libpath=DYLD_LIBRARY_PATH
acl_cv_path_LD=/usr/llvm-gcc-4.2/libexec/gcc/i686-apple-darwin11/4.2.1/ld
acl_cv_prog_gnu_ld=no
acl_cv_rpath=done
acl_cv_shlibext=dylib
acl_cv_shlibpath_var=DYLD_LIBRARY_PATH
acl_cv_wl=-Wl,
am_cv_CC_dependencies_compiler_type=none
am_cv_CXX_dependencies_compiler_type=none
am_cv_func_iconv=yes
am_cv_langinfo_codeset=yes
am_cv_lib_error_at_line=no
am_cv_lib_iconv=yes
am_cv_proto_iconv='extern size_t iconv (iconv_t cd, char * *inbuf, size_t *inbytesleft, char * *outbuf, size_t *outbytesleft);'
am_cv_proto_iconv_arg1=
cl_cv_prog_LN=ln
cl_cv_prog_cp='cp -p'
cl_cv_sys_endian='little endian'
gt_cv_func_gnugettext1_libc=no
gt_cv_func_gnugettext1_libintl=no
gt_cv_header_stdbool_h=yes
gt_cv_var_environ_declaration=no
gt_cv_var_errno_declaration=yes
lt_cv_deplibs_check_method=pass_all
lt_cv_file_magic_cmd='/usr/bin/file -L'
lt_cv_file_magic_test_file=/usr/lib/libSystem.dylib
lt_cv_ld_reload_flag=-r
lt_cv_objdir=.libs
lt_cv_path_LD=/usr/llvm-gcc-4.2/libexec/gcc/i686-apple-darwin11/4.2.1/ld
lt_cv_path_LDCXX=/usr/llvm-gcc-4.2/libexec/gcc/i686-apple-darwin11/4.2.1/ld
lt_cv_path_NM=/usr/bin/nm
lt_cv_path_SED=/opt/local/bin/gsed
lt_cv_prog_compiler_c_o=yes
lt_cv_prog_compiler_c_o_CXX=yes
lt_cv_prog_compiler_rtti_exceptions=no
lt_cv_prog_gnu_ld=no
lt_cv_prog_gnu_ldcxx=no
lt_cv_sys_global_symbol_pipe='sed -n -e '\''s/^.*[ 	]\([BCDEGRST][BCDEGRST]*\)[ 	][ 	]*\(_\)\([_A-Za-z][_A-Za-z0-9]*\)$/\1 \2\3 \3/p'\'''
lt_cv_sys_global_symbol_to_c_name_address='sed -n -e '\''s/^: \([^ ]*\) $/  {\"\1\", (lt_ptr) 0},/p'\'' -e '\''s/^[BCDEGRST] \([^ ]*\) \([^ ]*\)$/  {"\2", (lt_ptr) \&\2},/p'\'''
lt_cv_sys_global_symbol_to_cdecl='sed -n -e '\''s/^. .* \(.*\)$/extern int \1;/p'\'''
lt_cv_sys_max_cmd_len=65536
lt_lt_cv_prog_compiler_c_o='"yes"'
lt_lt_cv_prog_compiler_c_o_CXX='"yes"'
lt_lt_cv_sys_global_symbol_pipe='"sed -n -e '\''s/^.*[ 	]\\([BCDEGRST][BCDEGRST]*\\)[ 	][ 	]*\\(_\\)\\([_A-Za-z][_A-Za-z0-9]*\\)\$/\\1 \\2\\3 \\3/p'\''"'
lt_lt_cv_sys_global_symbol_to_c_name_address='"sed -n -e '\''s/^: \\([^ ]*\\) \$/  {\\\"\\1\\\", (lt_ptr) 0},/p'\'' -e '\''s/^[BCDEGRST] \\([^ ]*\\) \\([^ ]*\\)\$/  {\"\\2\", (lt_ptr) \\&\\2},/p'\''"'
lt_lt_cv_sys_global_symbol_to_cdecl='"sed -n -e '\''s/^. .* \\(.*\\)\$/extern int \\1;/p'\''"'

## ----------------- ##
## Output variables. ##
## ----------------- ##

ACLOCAL='${SHELL} /Users/kotsutsumi/UserDir/node-iconv/deps/libiconv-1.9.1/autoconf/missing --run aclocal-1.7'
ALLOCA=''
ALLOCA_H='alloca.h'
AMDEPBACKSLASH='\'
AMDEP_FALSE='#'
AMDEP_TRUE=''
AMTAR='${SHELL} /Users/kotsutsumi/UserDir/node-iconv/deps/libiconv-1.9.1/autoconf/missing --run tar'
AR='ar'
AS='as'
AUTOCONF='${SHELL} /Users/kotsutsumi/UserDir/node-iconv/deps/libiconv-1.9.1/autoconf/missing --run autoconf'
AUTOHEADER='${SHELL} /Users/kotsutsumi/UserDir/node-iconv/deps/libiconv-1.9.1/autoconf/missing --run autoheader'
AUTOMAKE='${SHELL} /Users/kotsutsumi/UserDir/node-iconv/deps/libiconv-1.9.1/autoconf/missing --run automake-1.7'
AWK='gawk'
CC='gcc'
CCDEPMODE='depmode=none'
CFLAGS='-g -O2'
CP='cp -p'
CPP='gcc -E'
CPPFLAGS=''
CXX='g++'
CXXCPP='g++ -E'
CXXDEPMODE='depmode=none'
CXXFLAGS='-g -O2'
CYGPATH_W='echo'
DEFS='-DHAVE_CONFIG_H'
DEPDIR='.deps'
DLLTOOL='dlltool'
ECHO='/bin/echo'
ECHO_C='ECHO_N=''
ECHO_T=''
EGREP='grep -E'
EILSEQ=''
EXEEXT=''
F77=''
FFLAGS=''
GCC='yes'
GMSGFMT='/opt/local/bin/msgfmt'
HAVE__BOOL=''
ICONV_CONST=''
INSTALL_DATA='${INSTALL} -m 644'
INSTALL_PROGRAM='$(top_builddir)/autoconf/install-reloc'
INSTALL_SCRIPT='${INSTALL}'
INSTALL_STRIP_PROGRAM='${SHELL} $(install_sh) -c -s'
INTLLIBS=''
LDFLAGS=''
LIBICONV='-liconv'
LIBINTL=''
LIBOBJS=' relocatable$U.o canonicalize$U.o'
LIBS=''
LIBTOOL='$(SHELL) $(top_builddir)/libtool'
LN='ln'
LN_S='ln -s'
LTLIBICONV='-liconv'
LTLIBINTL=''
LTLIBOBJS=' relocatable$U.lo canonicalize$U.lo'
MAKEINFO='${SHELL} /Users/kotsutsumi/UserDir/node-iconv/deps/libiconv-1.9.1/autoconf/missing --run makeinfo'
MKINSTALLDIRS='$(top_builddir)/autoconf/mkinstalldirs'
MSGFMT='/opt/local/bin/msgfmt'
MSGMERGE='/opt/local/bin/msgmerge'
OBJDUMP='objdump'
OBJEXT='o'
OS=''
PACKAGE='libiconv'
PACKAGE_BUGREPORT=''
PACKAGE_NAME=''
PACKAGE_STRING=''
PACKAGE_TARNAME=''
PACKAGE_VERSION=''
PATH_SEPARATOR=':'
PLUGLIB=''
POSUB=''
RANLIB='ranlib'
RELOCATABLE='yes'
RELOCATABLE_VIA_LD_FALSE=''
RELOCATABLE_VIA_LD_TRUE='#'
SET_MAKE=''
SET_RELOCATABLE='INSTALL_PROGRAM_ENV = RELOC_LIBRARY_PATH_VAR="DYLD_LIBRARY_PATH" RELOC_LIBRARY_PATH_VALUE="$(RELOCATABLE_LIBRARY_PATH)" RELOC_PREFIX="$(prefix)" RELOC_COMPILE_COMMAND="$(CC) $(CPPFLAGS) $(CFLAGS) $(LDFLAGS)" RELOC_SRCDIR="$(RELOCATABLE_SRC_DIR)" RELOC_BUILDDIR="$(RELOCATABLE_BUILD_DIR)" RELOC_CONFIG_H_DIR="$(RELOCATABLE_CONFIG_H_DIR)" RELOC_INSTALL_PROG="${INSTALL}"'
SHELL='/bin/sh'
STDBOOL_H=''
STRIP='strip'
USE_EXTRA_ENCODINGS='yes'
USE_NLS='no'
VERSION='1.9'
XGETTEXT='/opt/local/bin/xgettext'
ac_ct_AR='ar'
ac_ct_AS=''
ac_ct_CC='gcc'
ac_ct_CXX='g++'
ac_ct_DLLTOOL=''
ac_ct_F77=''
ac_ct_OBJDUMP=''
ac_ct_RANLIB='ranlib'
ac_ct_STRIP='strip'
am__fastdepCC_FALSE=''
am__fastdepCC_TRUE='#'
am__fastdepCXX_FALSE=''
am__fastdepCXX_TRUE='#'
am__include='include'
am__leading_dot='.'
am__quote=''
bindir='${exec_prefix}/bin'
build='i686-apple-darwin11.2.0'
build_alias=''
build_cpu='i686'
build_os='darwin11.2.0'
build_vendor='apple'
datadir='${prefix}/share'
exec_prefix='${prefix}'
host='i686-apple-darwin11.2.0'
host_alias=''
host_cpu='i686'
host_os='darwin11.2.0'
host_vendor='apple'
includedir='${prefix}/include'
infodir='${prefix}/info'
install_sh='/Users/kotsutsumi/UserDir/node-iconv/deps/libiconv-1.9.1/autoconf/install-sh'
libdir='${exec_prefix}/lib'
libexecdir='${exec_prefix}/libexec'
localstatedir='${prefix}/var'
mandir='${datadir}/man'
oldincludedir='/usr/include'
prefix='/usr/local'
program_transform_name='s,x,x,'
sbindir='${exec_prefix}/sbin'
sharedstatedir='${prefix}/com'
subdirs=' libcharset'
sysconfdir='${prefix}/etc'
target_alias=''

## ----------- ##
## confdefs.h. ##
## ----------- ##

#define ENABLE_EXTRA 1
#define ENABLE_RELOCATABLE 1
#define HAVE_ALLOCA 1
#define HAVE_ALLOCA_H 1
#define HAVE_DECL_CLEARERR_UNLOCKED 1
#define HAVE_DECL_FEOF_UNLOCKED 1
#define HAVE_DECL_FERROR_UNLOCKED 1
#define HAVE_DECL_FFLUSH_UNLOCKED 0
#define HAVE_DECL_FGETS_UNLOCKED 0
#define HAVE_DECL_FPUTC_UNLOCKED 0
#define HAVE_DECL_FPUTS_UNLOCKED 0
#define HAVE_DECL_FREAD_UNLOCKED 0
#define HAVE_DECL_FWRITE_UNLOCKED 0
#define HAVE_DECL_GETCHAR_UNLOCKED 1
#define HAVE_DECL_GETC_UNLOCKED 1
#define HAVE_DECL_PUTCHAR_UNLOCKED 1
#define HAVE_DECL_PUTC_UNLOCKED 1
#define HAVE_DECL_STRERROR 1
#define HAVE_DECL_STRERROR_R 1
#define HAVE_DLFCN_H 1
#define HAVE_ERRNO_DECL 1
#define HAVE_GETCWD 1
#define HAVE_GETC_UNLOCKED 1
#define HAVE_ICONV 1
#define HAVE_ICONV 1
#define HAVE_INTTYPES_H 1
#define HAVE_LANGINFO_CODESET 1
#define HAVE_LIMITS_H 1
#define HAVE_LOCALE_H 1
#define HAVE_MBRTOWC 1
#define HAVE_MBSINIT 1
#define HAVE_MEMMOVE 1
#define HAVE_MEMORY_H 1
#define HAVE_SEARCH_H 1
#define HAVE_SETENV 1
#define HAVE_SETLOCALE 1
#define HAVE_STDBOOL_H 1
#define HAVE_STDDEF_H 1
#define HAVE_STDINT_H 1
#define HAVE_STDLIB_H 1
#define HAVE_STDLIB_H 1
#define HAVE_STDLIB_H 1
#define HAVE_STDLIB_H 1
#define HAVE_STDLIB_H 1
#define HAVE_STRERROR 1
#define HAVE_STRERROR 1
#define HAVE_STRERROR_R 1
#define HAVE_STRINGS_H 1
#define HAVE_STRING_H 1
#define HAVE_STRING_H 1
#define HAVE_STRING_H 1
#define HAVE_STRING_H 1
#define HAVE_SYS_PARAM_H 1
#define HAVE_SYS_STAT_H 1
#define HAVE_SYS_TYPES_H 1
#define HAVE_SYS_TYPES_H 1
#define HAVE_TSEARCH 1
#define HAVE_UNISTD_H 1
#define HAVE_UNISTD_H 1
#define HAVE_UNISTD_H 1
#define HAVE_UNSETENV 1
#define HAVE_VPRINTF 1
#define HAVE_WCHAR_H 1
#define HAVE_WCRTOMB 1
#define ICONV_CONST 
#define INSTALLPREFIX "/usr/local"
#define PACKAGE "libiconv"
#define PACKAGE_BUGREPORT ""
#define PACKAGE_NAME ""
#define PACKAGE_STRING ""
#define PACKAGE_TARNAME ""
#define PACKAGE_VERSION ""
#define STDC_HEADERS 1
#define STDC_HEADERS 1
#define VERSION "1.9"
#define WORDS_LITTLEENDIAN 1
#define _GNU_SOURCE 1
#define realpath rpl_realpath
#endif
#ifdef __cplusplus
#include <stdlib.h>

configure: exit 0
